{"C:\\Users\\hp\\Desktop\\property-pro\\__test__\\server\\auth.spec.js":{"path":"C:\\Users\\hp\\Desktop\\property-pro\\__test__\\server\\auth.spec.js","statementMap":{"0":{"start":{"line":3,"column":29},"end":{"line":3,"column":84}},"1":{"start":{"line":5,"column":21},"end":{"line":5,"column":91}},"2":{"start":{"line":7,"column":12},"end":{"line":7,"column":27}},"3":{"start":{"line":9,"column":17},"end":{"line":9,"column":61}},"4":{"start":{"line":11,"column":13},"end":{"line":11,"column":63}},"5":{"start":{"line":14,"column":14},"end":{"line":14,"column":59}},"6":{"start":{"line":15,"column":10},"end":{"line":15,"column":19}},"7":{"start":{"line":16,"column":11},"end":{"line":24,"column":1}},"8":{"start":{"line":25,"column":24},"end":{"line":28,"column":1}},"9":{"start":{"line":29,"column":0},"end":{"line":122,"column":3}},"10":{"start":{"line":30,"column":2},"end":{"line":75,"column":5}},"11":{"start":{"line":31,"column":4},"end":{"line":42,"column":7}},"12":{"start":{"line":32,"column":6},"end":{"line":41,"column":9}},"13":{"start":{"line":35,"column":24},"end":{"line":35,"column":32}},"14":{"start":{"line":36,"column":21},"end":{"line":36,"column":37}},"15":{"start":{"line":37,"column":22},"end":{"line":37,"column":39}},"16":{"start":{"line":38,"column":8},"end":{"line":38,"column":52}},"17":{"start":{"line":39,"column":8},"end":{"line":39,"column":87}},"18":{"start":{"line":40,"column":8},"end":{"line":40,"column":15}},"19":{"start":{"line":43,"column":4},"end":{"line":54,"column":7}},"20":{"start":{"line":44,"column":6},"end":{"line":53,"column":9}},"21":{"start":{"line":47,"column":25},"end":{"line":47,"column":33}},"22":{"start":{"line":48,"column":21},"end":{"line":48,"column":38}},"23":{"start":{"line":49,"column":22},"end":{"line":49,"column":40}},"24":{"start":{"line":50,"column":8},"end":{"line":50,"column":52}},"25":{"start":{"line":51,"column":8},"end":{"line":51,"column":116}},"26":{"start":{"line":52,"column":8},"end":{"line":52,"column":15}},"27":{"start":{"line":55,"column":4},"end":{"line":64,"column":7}},"28":{"start":{"line":56,"column":6},"end":{"line":63,"column":9}},"29":{"start":{"line":57,"column":25},"end":{"line":57,"column":33}},"30":{"start":{"line":58,"column":21},"end":{"line":58,"column":38}},"31":{"start":{"line":59,"column":19},"end":{"line":59,"column":34}},"32":{"start":{"line":60,"column":8},"end":{"line":60,"column":54}},"33":{"start":{"line":61,"column":8},"end":{"line":61,"column":58}},"34":{"start":{"line":62,"column":8},"end":{"line":62,"column":15}},"35":{"start":{"line":65,"column":4},"end":{"line":74,"column":7}},"36":{"start":{"line":66,"column":6},"end":{"line":73,"column":9}},"37":{"start":{"line":67,"column":25},"end":{"line":67,"column":33}},"38":{"start":{"line":68,"column":21},"end":{"line":68,"column":38}},"39":{"start":{"line":69,"column":22},"end":{"line":69,"column":40}},"40":{"start":{"line":70,"column":8},"end":{"line":70,"column":52}},"41":{"start":{"line":71,"column":8},"end":{"line":71,"column":89}},"42":{"start":{"line":72,"column":8},"end":{"line":72,"column":15}},"43":{"start":{"line":76,"column":2},"end":{"line":121,"column":5}},"44":{"start":{"line":77,"column":4},"end":{"line":88,"column":7}},"45":{"start":{"line":78,"column":6},"end":{"line":87,"column":9}},"46":{"start":{"line":81,"column":25},"end":{"line":81,"column":33}},"47":{"start":{"line":82,"column":21},"end":{"line":82,"column":38}},"48":{"start":{"line":83,"column":22},"end":{"line":83,"column":40}},"49":{"start":{"line":84,"column":8},"end":{"line":84,"column":52}},"50":{"start":{"line":85,"column":8},"end":{"line":85,"column":81}},"51":{"start":{"line":86,"column":8},"end":{"line":86,"column":15}},"52":{"start":{"line":89,"column":4},"end":{"line":100,"column":7}},"53":{"start":{"line":90,"column":6},"end":{"line":99,"column":9}},"54":{"start":{"line":93,"column":25},"end":{"line":93,"column":33}},"55":{"start":{"line":94,"column":21},"end":{"line":94,"column":38}},"56":{"start":{"line":95,"column":22},"end":{"line":95,"column":40}},"57":{"start":{"line":96,"column":8},"end":{"line":96,"column":52}},"58":{"start":{"line":97,"column":8},"end":{"line":97,"column":81}},"59":{"start":{"line":98,"column":8},"end":{"line":98,"column":15}},"60":{"start":{"line":101,"column":4},"end":{"line":110,"column":7}},"61":{"start":{"line":102,"column":6},"end":{"line":109,"column":9}},"62":{"start":{"line":103,"column":25},"end":{"line":103,"column":33}},"63":{"start":{"line":104,"column":21},"end":{"line":104,"column":38}},"64":{"start":{"line":105,"column":22},"end":{"line":105,"column":40}},"65":{"start":{"line":106,"column":8},"end":{"line":106,"column":52}},"66":{"start":{"line":107,"column":8},"end":{"line":107,"column":81}},"67":{"start":{"line":108,"column":8},"end":{"line":108,"column":15}},"68":{"start":{"line":111,"column":4},"end":{"line":120,"column":7}},"69":{"start":{"line":112,"column":6},"end":{"line":119,"column":9}},"70":{"start":{"line":113,"column":25},"end":{"line":113,"column":33}},"71":{"start":{"line":114,"column":21},"end":{"line":114,"column":38}},"72":{"start":{"line":115,"column":19},"end":{"line":115,"column":34}},"73":{"start":{"line":116,"column":8},"end":{"line":116,"column":54}},"74":{"start":{"line":117,"column":8},"end":{"line":117,"column":58}},"75":{"start":{"line":118,"column":8},"end":{"line":118,"column":15}}},"fnMap":{"0":{"name":"(anonymous_0)","decl":{"start":{"line":29,"column":27},"end":{"line":29,"column":28}},"loc":{"start":{"line":29,"column":39},"end":{"line":122,"column":1}},"line":29},"1":{"name":"(anonymous_1)","decl":{"start":{"line":30,"column":21},"end":{"line":30,"column":22}},"loc":{"start":{"line":30,"column":33},"end":{"line":75,"column":3}},"line":30},"2":{"name":"(anonymous_2)","decl":{"start":{"line":31,"column":48},"end":{"line":31,"column":49}},"loc":{"start":{"line":31,"column":64},"end":{"line":42,"column":5}},"line":31},"3":{"name":"(anonymous_3)","decl":{"start":{"line":34,"column":14},"end":{"line":34,"column":15}},"loc":{"start":{"line":34,"column":34},"end":{"line":41,"column":7}},"line":34},"4":{"name":"(anonymous_4)","decl":{"start":{"line":43,"column":54},"end":{"line":43,"column":55}},"loc":{"start":{"line":43,"column":70},"end":{"line":54,"column":5}},"line":43},"5":{"name":"(anonymous_5)","decl":{"start":{"line":46,"column":14},"end":{"line":46,"column":15}},"loc":{"start":{"line":46,"column":34},"end":{"line":53,"column":7}},"line":46},"6":{"name":"(anonymous_6)","decl":{"start":{"line":55,"column":37},"end":{"line":55,"column":38}},"loc":{"start":{"line":55,"column":53},"end":{"line":64,"column":5}},"line":55},"7":{"name":"(anonymous_7)","decl":{"start":{"line":56,"column":102},"end":{"line":56,"column":103}},"loc":{"start":{"line":56,"column":122},"end":{"line":63,"column":7}},"line":56},"8":{"name":"(anonymous_8)","decl":{"start":{"line":65,"column":60},"end":{"line":65,"column":61}},"loc":{"start":{"line":65,"column":76},"end":{"line":74,"column":5}},"line":65},"9":{"name":"(anonymous_9)","decl":{"start":{"line":66,"column":102},"end":{"line":66,"column":103}},"loc":{"start":{"line":66,"column":122},"end":{"line":73,"column":7}},"line":66},"10":{"name":"(anonymous_10)","decl":{"start":{"line":76,"column":21},"end":{"line":76,"column":22}},"loc":{"start":{"line":76,"column":33},"end":{"line":121,"column":3}},"line":76},"11":{"name":"(anonymous_11)","decl":{"start":{"line":77,"column":48},"end":{"line":77,"column":49}},"loc":{"start":{"line":77,"column":64},"end":{"line":88,"column":5}},"line":77},"12":{"name":"(anonymous_12)","decl":{"start":{"line":80,"column":14},"end":{"line":80,"column":15}},"loc":{"start":{"line":80,"column":34},"end":{"line":87,"column":7}},"line":80},"13":{"name":"(anonymous_13)","decl":{"start":{"line":89,"column":51},"end":{"line":89,"column":52}},"loc":{"start":{"line":89,"column":67},"end":{"line":100,"column":5}},"line":89},"14":{"name":"(anonymous_14)","decl":{"start":{"line":92,"column":14},"end":{"line":92,"column":15}},"loc":{"start":{"line":92,"column":34},"end":{"line":99,"column":7}},"line":92},"15":{"name":"(anonymous_15)","decl":{"start":{"line":101,"column":56},"end":{"line":101,"column":57}},"loc":{"start":{"line":101,"column":72},"end":{"line":110,"column":5}},"line":101},"16":{"name":"(anonymous_16)","decl":{"start":{"line":102,"column":64},"end":{"line":102,"column":65}},"loc":{"start":{"line":102,"column":84},"end":{"line":109,"column":7}},"line":102},"17":{"name":"(anonymous_17)","decl":{"start":{"line":111,"column":55},"end":{"line":111,"column":56}},"loc":{"start":{"line":111,"column":71},"end":{"line":120,"column":5}},"line":111},"18":{"name":"(anonymous_18)","decl":{"start":{"line":112,"column":115},"end":{"line":112,"column":116}},"loc":{"start":{"line":112,"column":135},"end":{"line":119,"column":7}},"line":112}},"branchMap":{},"s":{"0":1,"1":1,"2":1,"3":1,"4":1,"5":1,"6":1,"7":1,"8":1,"9":1,"10":1,"11":1,"12":1,"13":1,"14":1,"15":1,"16":1,"17":1,"18":1,"19":1,"20":1,"21":1,"22":1,"23":1,"24":1,"25":1,"26":1,"27":1,"28":1,"29":1,"30":1,"31":1,"32":1,"33":1,"34":1,"35":1,"36":1,"37":1,"38":1,"39":1,"40":1,"41":1,"42":1,"43":1,"44":1,"45":1,"46":1,"47":1,"48":1,"49":1,"50":1,"51":1,"52":1,"53":1,"54":1,"55":1,"56":1,"57":1,"58":1,"59":1,"60":1,"61":1,"62":1,"63":1,"64":1,"65":1,"66":1,"67":1,"68":1,"69":1,"70":1,"71":1,"72":1,"73":1,"74":1,"75":1},"f":{"0":1,"1":1,"2":1,"3":1,"4":1,"5":1,"6":1,"7":1,"8":1,"9":1,"10":1,"11":1,"12":1,"13":1,"14":1,"15":1,"16":1,"17":1,"18":1},"b":{},"_coverageSchema":"43e27e138ebf9cfc5966b082cf9a028302ed4184","hash":"a1df30b78bb43c8ecd69695f9780d5b4210cd1ea","contentHash":"67d66fdbe97d623924bcc410a9c5d800ff16f0af203fb7be98af2196aa3144fb"},"C:\\Users\\hp\\Desktop\\property-pro\\src\\index.js":{"path":"C:\\Users\\hp\\Desktop\\property-pro\\src\\index.js","statementMap":{"0":{"start":{"line":3,"column":29},"end":{"line":3,"column":84}},"1":{"start":{"line":5,"column":0},"end":{"line":7,"column":3}},"2":{"start":{"line":8,"column":0},"end":{"line":8,"column":28}},"3":{"start":{"line":10,"column":15},"end":{"line":10,"column":57}},"4":{"start":{"line":12,"column":12},"end":{"line":12,"column":51}},"5":{"start":{"line":14,"column":18},"end":{"line":14,"column":64}},"6":{"start":{"line":16,"column":14},"end":{"line":16,"column":60}},"7":{"start":{"line":18,"column":15},"end":{"line":18,"column":61}},"8":{"start":{"line":22,"column":10},"end":{"line":22,"column":36}},"9":{"start":{"line":23,"column":0},"end":{"line":23,"column":33}},"10":{"start":{"line":24,"column":0},"end":{"line":24,"column":39}},"11":{"start":{"line":25,"column":0},"end":{"line":27,"column":4}},"12":{"start":{"line":28,"column":0},"end":{"line":28,"column":39}},"13":{"start":{"line":29,"column":0},"end":{"line":29,"column":40}},"14":{"start":{"line":30,"column":0},"end":{"line":35,"column":3}},"15":{"start":{"line":31,"column":2},"end":{"line":34,"column":5}},"16":{"start":{"line":36,"column":11},"end":{"line":36,"column":35}},"17":{"start":{"line":37,"column":0},"end":{"line":39,"column":3}},"18":{"start":{"line":38,"column":2},"end":{"line":38,"column":73}},"19":{"start":{"line":40,"column":15},"end":{"line":40,"column":18}},"20":{"start":{"line":41,"column":0},"end":{"line":41,"column":30}}},"fnMap":{"0":{"name":"(anonymous_0)","decl":{"start":{"line":30,"column":13},"end":{"line":30,"column":14}},"loc":{"start":{"line":30,"column":33},"end":{"line":35,"column":1}},"line":30},"1":{"name":"(anonymous_1)","decl":{"start":{"line":37,"column":17},"end":{"line":37,"column":18}},"loc":{"start":{"line":37,"column":29},"end":{"line":39,"column":1}},"line":37}},"branchMap":{"0":{"loc":{"start":{"line":36,"column":11},"end":{"line":36,"column":35}},"type":"binary-expr","locations":[{"start":{"line":36,"column":11},"end":{"line":36,"column":27}},{"start":{"line":36,"column":31},"end":{"line":36,"column":35}}],"line":36}},"s":{"0":1,"1":1,"2":1,"3":1,"4":1,"5":1,"6":1,"7":1,"8":1,"9":1,"10":1,"11":1,"12":1,"13":1,"14":1,"15":0,"16":1,"17":1,"18":1,"19":1,"20":1},"f":{"0":0,"1":1},"b":{"0":[1,1]},"_coverageSchema":"43e27e138ebf9cfc5966b082cf9a028302ed4184","hash":"f3f609f057bc0592fb20094a602f55f1e82f37f3","contentHash":"369b93d147782461953a00d3869c64995a280e6cb4d576c1c55384a1de44dee5"},"C:\\Users\\hp\\Desktop\\property-pro\\src\\v1\\routes\\index.js":{"path":"C:\\Users\\hp\\Desktop\\property-pro\\src\\v1\\routes\\index.js","statementMap":{"0":{"start":{"line":3,"column":29},"end":{"line":3,"column":84}},"1":{"start":{"line":5,"column":0},"end":{"line":7,"column":3}},"2":{"start":{"line":8,"column":0},"end":{"line":8,"column":28}},"3":{"start":{"line":10,"column":15},"end":{"line":10,"column":57}},"4":{"start":{"line":12,"column":18},"end":{"line":12,"column":65}},"5":{"start":{"line":14,"column":22},"end":{"line":14,"column":73}},"6":{"start":{"line":16,"column":10},"end":{"line":16,"column":36}},"7":{"start":{"line":17,"column":0},"end":{"line":17,"column":41}},"8":{"start":{"line":18,"column":0},"end":{"line":18,"column":49}},"9":{"start":{"line":19,"column":15},"end":{"line":19,"column":18}},"10":{"start":{"line":20,"column":0},"end":{"line":20,"column":30}}},"fnMap":{},"branchMap":{},"s":{"0":1,"1":1,"2":1,"3":1,"4":1,"5":1,"6":1,"7":1,"8":1,"9":1,"10":1},"f":{},"b":{},"_coverageSchema":"43e27e138ebf9cfc5966b082cf9a028302ed4184","hash":"ad5f7439307c339f97a5a4543b8f3ce488307471","contentHash":"4462e2dad155f81929ab71c057dac644d93ad302cacf9c5504e1cfd325488674"},"C:\\Users\\hp\\Desktop\\property-pro\\src\\v1\\routes\\authRouter.js":{"path":"C:\\Users\\hp\\Desktop\\property-pro\\src\\v1\\routes\\authRouter.js","statementMap":{"0":{"start":{"line":3,"column":29},"end":{"line":3,"column":84}},"1":{"start":{"line":5,"column":0},"end":{"line":7,"column":3}},"2":{"start":{"line":8,"column":0},"end":{"line":8,"column":28}},"3":{"start":{"line":10,"column":15},"end":{"line":10,"column":57}},"4":{"start":{"line":12,"column":22},"end":{"line":12,"column":86}},"5":{"start":{"line":14,"column":28},"end":{"line":14,"column":98}},"6":{"start":{"line":16,"column":12},"end":{"line":16,"column":38}},"7":{"start":{"line":17,"column":0},"end":{"line":17,"column":57}},"8":{"start":{"line":18,"column":0},"end":{"line":18,"column":91}},"9":{"start":{"line":19,"column":15},"end":{"line":19,"column":20}},"10":{"start":{"line":20,"column":0},"end":{"line":20,"column":30}}},"fnMap":{},"branchMap":{},"s":{"0":1,"1":1,"2":1,"3":1,"4":1,"5":1,"6":1,"7":1,"8":1,"9":1,"10":1},"f":{},"b":{},"_coverageSchema":"43e27e138ebf9cfc5966b082cf9a028302ed4184","hash":"61b6be0acb59163e3f8bed5269ac8a55eafd3a33","contentHash":"eaaad52da904da5fae390bbf8d9d34eaf2cf9d26b39e08a205664caa86d9c9ed"},"C:\\Users\\hp\\Desktop\\property-pro\\src\\v1\\controllers\\AuthController.js":{"path":"C:\\Users\\hp\\Desktop\\property-pro\\src\\v1\\controllers\\AuthController.js","statementMap":{"0":{"start":{"line":3,"column":29},"end":{"line":3,"column":84}},"1":{"start":{"line":5,"column":0},"end":{"line":7,"column":3}},"2":{"start":{"line":8,"column":0},"end":{"line":8,"column":44}},"3":{"start":{"line":10,"column":23},"end":{"line":10,"column":95}},"4":{"start":{"line":12,"column":20},"end":{"line":12,"column":89}},"5":{"start":{"line":14,"column":12},"end":{"line":14,"column":14}},"6":{"start":{"line":15,"column":0},"end":{"line":15,"column":22}},"7":{"start":{"line":19,"column":0},"end":{"line":98,"column":3}},"8":{"start":{"line":21,"column":4},"end":{"line":21,"column":59}},"9":{"start":{"line":24,"column":2},"end":{"line":96,"column":6}},"10":{"start":{"line":27,"column":22},"end":{"line":27,"column":30}},"11":{"start":{"line":28,"column":18},"end":{"line":28,"column":33}},"12":{"start":{"line":29,"column":21},"end":{"line":29,"column":39}},"13":{"start":{"line":30,"column":27},"end":{"line":32,"column":8}},"14":{"start":{"line":31,"column":8},"end":{"line":31,"column":66}},"15":{"start":{"line":34,"column":6},"end":{"line":39,"column":7}},"16":{"start":{"line":35,"column":8},"end":{"line":38,"column":11}},"17":{"start":{"line":41,"column":6},"end":{"line":47,"column":9}},"18":{"start":{"line":52,"column":23},"end":{"line":52,"column":31}},"19":{"start":{"line":53,"column":18},"end":{"line":53,"column":34}},"20":{"start":{"line":54,"column":23},"end":{"line":54,"column":44}},"21":{"start":{"line":55,"column":22},"end":{"line":55,"column":42}},"22":{"start":{"line":56,"column":21},"end":{"line":56,"column":40}},"23":{"start":{"line":57,"column":25},"end":{"line":57,"column":48}},"24":{"start":{"line":58,"column":20},"end":{"line":58,"column":38}},"25":{"start":{"line":59,"column":20},"end":{"line":59,"column":38}},"26":{"start":{"line":60,"column":27},"end":{"line":62,"column":8}},"27":{"start":{"line":61,"column":8},"end":{"line":61,"column":36}},"28":{"start":{"line":64,"column":6},"end":{"line":69,"column":7}},"29":{"start":{"line":65,"column":8},"end":{"line":68,"column":11}},"30":{"start":{"line":71,"column":18},"end":{"line":71,"column":31}},"31":{"start":{"line":72,"column":15},"end":{"line":72,"column":31}},"32":{"start":{"line":73,"column":17},"end":{"line":83,"column":7}},"33":{"start":{"line":84,"column":6},"end":{"line":84,"column":23}},"34":{"start":{"line":85,"column":6},"end":{"line":94,"column":9}},"35":{"start":{"line":97,"column":2},"end":{"line":97,"column":24}},"36":{"start":{"line":100,"column":15},"end":{"line":100,"column":29}},"37":{"start":{"line":101,"column":0},"end":{"line":101,"column":30}}},"fnMap":{"0":{"name":"(anonymous_0)","decl":{"start":{"line":19,"column":0},"end":{"line":19,"column":1}},"loc":{"start":{"line":19,"column":12},"end":{"line":98,"column":1}},"line":19},"1":{"name":"AuthController","decl":{"start":{"line":20,"column":11},"end":{"line":20,"column":25}},"loc":{"start":{"line":20,"column":28},"end":{"line":22,"column":3}},"line":20},"2":{"name":"signin","decl":{"start":{"line":26,"column":20},"end":{"line":26,"column":26}},"loc":{"start":{"line":26,"column":37},"end":{"line":48,"column":5}},"line":26},"3":{"name":"(anonymous_3)","decl":{"start":{"line":30,"column":38},"end":{"line":30,"column":39}},"loc":{"start":{"line":30,"column":54},"end":{"line":32,"column":7}},"line":30},"4":{"name":"signup","decl":{"start":{"line":51,"column":20},"end":{"line":51,"column":26}},"loc":{"start":{"line":51,"column":37},"end":{"line":95,"column":5}},"line":51},"5":{"name":"(anonymous_5)","decl":{"start":{"line":60,"column":38},"end":{"line":60,"column":39}},"loc":{"start":{"line":60,"column":54},"end":{"line":62,"column":7}},"line":60}},"branchMap":{"0":{"loc":{"start":{"line":31,"column":15},"end":{"line":31,"column":65}},"type":"binary-expr","locations":[{"start":{"line":31,"column":15},"end":{"line":31,"column":35}},{"start":{"line":31,"column":39},"end":{"line":31,"column":65}}],"line":31},"1":{"loc":{"start":{"line":34,"column":6},"end":{"line":39,"column":7}},"type":"if","locations":[{"start":{"line":34,"column":6},"end":{"line":39,"column":7}},{"start":{"line":34,"column":6},"end":{"line":39,"column":7}}],"line":34},"2":{"loc":{"start":{"line":64,"column":6},"end":{"line":69,"column":7}},"type":"if","locations":[{"start":{"line":64,"column":6},"end":{"line":69,"column":7}},{"start":{"line":64,"column":6},"end":{"line":69,"column":7}}],"line":64}},"s":{"0":1,"1":1,"2":1,"3":1,"4":1,"5":1,"6":1,"7":1,"8":0,"9":1,"10":5,"11":5,"12":5,"13":5,"14":5,"15":5,"16":3,"17":2,"18":2,"19":2,"20":2,"21":2,"22":2,"23":2,"24":2,"25":2,"26":2,"27":1,"28":2,"29":1,"30":1,"31":1,"32":1,"33":1,"34":1,"35":1,"36":1,"37":1},"f":{"0":1,"1":0,"2":5,"3":5,"4":2,"5":1},"b":{"0":[5,3],"1":[3,2],"2":[1,1]},"_coverageSchema":"43e27e138ebf9cfc5966b082cf9a028302ed4184","hash":"1ede0f236c3cee46b93ebdae67ea2925f8f50616","contentHash":"e6aa5364d5a2e0d8fcbb039cfc40fb4629fb8f74a77958d64adbee065eacff92"},"C:\\Users\\hp\\Desktop\\property-pro\\src\\v1\\middlewares\\validateSignupFields.js":{"path":"C:\\Users\\hp\\Desktop\\property-pro\\src\\v1\\middlewares\\validateSignupFields.js","statementMap":{"0":{"start":{"line":3,"column":29},"end":{"line":3,"column":84}},"1":{"start":{"line":5,"column":0},"end":{"line":7,"column":3}},"2":{"start":{"line":8,"column":0},"end":{"line":8,"column":28}},"3":{"start":{"line":10,"column":16},"end":{"line":10,"column":62}},"4":{"start":{"line":12,"column":18},"end":{"line":63,"column":1}},"5":{"start":{"line":42,"column":8},"end":{"line":44,"column":11}},"6":{"start":{"line":65,"column":15},"end":{"line":76,"column":1}},"7":{"start":{"line":66,"column":25},"end":{"line":66,"column":73}},"8":{"start":{"line":68,"column":2},"end":{"line":73,"column":3}},"9":{"start":{"line":69,"column":4},"end":{"line":72,"column":7}},"10":{"start":{"line":75,"column":2},"end":{"line":75,"column":16}},"11":{"start":{"line":78,"column":0},"end":{"line":78,"column":30}}},"fnMap":{"0":{"name":"message","decl":{"start":{"line":41,"column":24},"end":{"line":41,"column":31}},"loc":{"start":{"line":41,"column":35},"end":{"line":45,"column":7}},"line":41},"1":{"name":"_default","decl":{"start":{"line":65,"column":24},"end":{"line":65,"column":32}},"loc":{"start":{"line":65,"column":49},"end":{"line":76,"column":1}},"line":65}},"branchMap":{"0":{"loc":{"start":{"line":68,"column":2},"end":{"line":73,"column":3}},"type":"if","locations":[{"start":{"line":68,"column":2},"end":{"line":73,"column":3}},{"start":{"line":68,"column":2},"end":{"line":73,"column":3}}],"line":68}},"s":{"0":1,"1":1,"2":1,"3":1,"4":1,"5":1,"6":1,"7":4,"8":4,"9":2,"10":2,"11":1},"f":{"0":1,"1":4},"b":{"0":[2,2]},"_coverageSchema":"43e27e138ebf9cfc5966b082cf9a028302ed4184","hash":"caca7835a8be482b09a79518e6d1d4516fa24153","contentHash":"72e3709e3d8ded90b766168a5d1f7611979ab0df13b5cc665b0ebb1bce7df733"},"C:\\Users\\hp\\Desktop\\property-pro\\src\\v1\\routes\\propertyRouter.js":{"path":"C:\\Users\\hp\\Desktop\\property-pro\\src\\v1\\routes\\propertyRouter.js","statementMap":{"0":{"start":{"line":3,"column":29},"end":{"line":3,"column":84}},"1":{"start":{"line":5,"column":0},"end":{"line":7,"column":3}},"2":{"start":{"line":8,"column":0},"end":{"line":8,"column":28}},"3":{"start":{"line":10,"column":15},"end":{"line":10,"column":57}},"4":{"start":{"line":12,"column":26},"end":{"line":12,"column":94}},"5":{"start":{"line":14,"column":30},"end":{"line":14,"column":102}},"6":{"start":{"line":16,"column":12},"end":{"line":16,"column":38}},"7":{"start":{"line":17,"column":0},"end":{"line":17,"column":91}},"8":{"start":{"line":18,"column":0},"end":{"line":18,"column":93}},"9":{"start":{"line":19,"column":0},"end":{"line":19,"column":62}},"10":{"start":{"line":20,"column":0},"end":{"line":20,"column":66}},"11":{"start":{"line":21,"column":0},"end":{"line":21,"column":64}},"12":{"start":{"line":22,"column":0},"end":{"line":22,"column":62}},"13":{"start":{"line":23,"column":15},"end":{"line":23,"column":20}},"14":{"start":{"line":24,"column":0},"end":{"line":24,"column":30}}},"fnMap":{},"branchMap":{},"s":{"0":1,"1":1,"2":1,"3":1,"4":1,"5":1,"6":1,"7":1,"8":1,"9":1,"10":1,"11":1,"12":1,"13":1,"14":1},"f":{},"b":{},"_coverageSchema":"43e27e138ebf9cfc5966b082cf9a028302ed4184","hash":"d9d50091ee9e40cb8793457f0b7b04494393fa98","contentHash":"b98193b241c885bd6f70f505518f7a5bccaa99a017a703cc3e5ce33fd1ea384f"},"C:\\Users\\hp\\Desktop\\property-pro\\src\\v1\\controllers\\PropertyController.js":{"path":"C:\\Users\\hp\\Desktop\\property-pro\\src\\v1\\controllers\\PropertyController.js","statementMap":{"0":{"start":{"line":3,"column":29},"end":{"line":3,"column":84}},"1":{"start":{"line":5,"column":0},"end":{"line":7,"column":3}},"2":{"start":{"line":8,"column":0},"end":{"line":8,"column":28}},"3":{"start":{"line":10,"column":21},"end":{"line":10,"column":91}},"4":{"start":{"line":12,"column":23},"end":{"line":12,"column":95}},"5":{"start":{"line":14,"column":20},"end":{"line":14,"column":89}},"6":{"start":{"line":16,"column":22},"end":{"line":16,"column":49}},"7":{"start":{"line":19,"column":17},"end":{"line":19,"column":19}},"8":{"start":{"line":23,"column":0},"end":{"line":258,"column":3}},"9":{"start":{"line":25,"column":4},"end":{"line":25,"column":63}},"10":{"start":{"line":28,"column":2},"end":{"line":256,"column":6}},"11":{"start":{"line":31,"column":22},"end":{"line":31,"column":30}},"12":{"start":{"line":32,"column":18},"end":{"line":32,"column":33}},"13":{"start":{"line":33,"column":18},"end":{"line":33,"column":33}},"14":{"start":{"line":34,"column":18},"end":{"line":34,"column":33}},"15":{"start":{"line":35,"column":17},"end":{"line":35,"column":31}},"16":{"start":{"line":36,"column":20},"end":{"line":36,"column":37}},"17":{"start":{"line":37,"column":17},"end":{"line":37,"column":31}},"18":{"start":{"line":38,"column":22},"end":{"line":38,"column":41}},"19":{"start":{"line":39,"column":24},"end":{"line":39,"column":45}},"20":{"start":{"line":40,"column":21},"end":{"line":40,"column":39}},"21":{"start":{"line":41,"column":20},"end":{"line":41,"column":37}},"22":{"start":{"line":42,"column":24},"end":{"line":42,"column":53}},"23":{"start":{"line":44,"column":25},"end":{"line":46,"column":8}},"24":{"start":{"line":45,"column":8},"end":{"line":45,"column":54}},"25":{"start":{"line":48,"column":6},"end":{"line":53,"column":7}},"26":{"start":{"line":49,"column":8},"end":{"line":52,"column":11}},"27":{"start":{"line":55,"column":15},"end":{"line":55,"column":36}},"28":{"start":{"line":56,"column":22},"end":{"line":56,"column":23}},"29":{"start":{"line":57,"column":21},"end":{"line":72,"column":7}},"30":{"start":{"line":73,"column":6},"end":{"line":73,"column":32}},"31":{"start":{"line":74,"column":6},"end":{"line":77,"column":9}},"32":{"start":{"line":82,"column":15},"end":{"line":82,"column":28}},"33":{"start":{"line":83,"column":27},"end":{"line":83,"column":132}},"34":{"start":{"line":84,"column":24},"end":{"line":84,"column":53}},"35":{"start":{"line":86,"column":25},"end":{"line":88,"column":8}},"36":{"start":{"line":87,"column":8},"end":{"line":87,"column":54}},"37":{"start":{"line":90,"column":6},"end":{"line":95,"column":7}},"38":{"start":{"line":91,"column":8},"end":{"line":94,"column":11}},"39":{"start":{"line":97,"column":27},"end":{"line":97,"column":29}},"40":{"start":{"line":98,"column":6},"end":{"line":102,"column":9}},"41":{"start":{"line":99,"column":8},"end":{"line":101,"column":9}},"42":{"start":{"line":100,"column":10},"end":{"line":100,"column":50}},"43":{"start":{"line":103,"column":34},"end":{"line":105,"column":8}},"44":{"start":{"line":104,"column":8},"end":{"line":104,"column":48}},"45":{"start":{"line":107,"column":6},"end":{"line":112,"column":7}},"46":{"start":{"line":108,"column":8},"end":{"line":111,"column":11}},"47":{"start":{"line":114,"column":6},"end":{"line":114,"column":128}},"48":{"start":{"line":115,"column":6},"end":{"line":120,"column":9}},"49":{"start":{"line":125,"column":15},"end":{"line":125,"column":28}},"50":{"start":{"line":126,"column":24},"end":{"line":126,"column":53}},"51":{"start":{"line":128,"column":25},"end":{"line":130,"column":8}},"52":{"start":{"line":129,"column":8},"end":{"line":129,"column":54}},"53":{"start":{"line":132,"column":6},"end":{"line":137,"column":7}},"54":{"start":{"line":133,"column":8},"end":{"line":136,"column":11}},"55":{"start":{"line":139,"column":34},"end":{"line":141,"column":8}},"56":{"start":{"line":140,"column":8},"end":{"line":140,"column":86}},"57":{"start":{"line":143,"column":6},"end":{"line":148,"column":7}},"58":{"start":{"line":144,"column":8},"end":{"line":147,"column":11}},"59":{"start":{"line":150,"column":17},"end":{"line":150,"column":18}},"60":{"start":{"line":151,"column":6},"end":{"line":153,"column":9}},"61":{"start":{"line":154,"column":6},"end":{"line":159,"column":9}},"62":{"start":{"line":164,"column":15},"end":{"line":164,"column":28}},"63":{"start":{"line":165,"column":24},"end":{"line":165,"column":53}},"64":{"start":{"line":167,"column":25},"end":{"line":169,"column":8}},"65":{"start":{"line":168,"column":8},"end":{"line":168,"column":54}},"66":{"start":{"line":171,"column":6},"end":{"line":176,"column":7}},"67":{"start":{"line":172,"column":8},"end":{"line":175,"column":11}},"68":{"start":{"line":178,"column":34},"end":{"line":180,"column":8}},"69":{"start":{"line":179,"column":8},"end":{"line":179,"column":72}},"70":{"start":{"line":182,"column":6},"end":{"line":187,"column":7}},"71":{"start":{"line":183,"column":8},"end":{"line":186,"column":11}},"72":{"start":{"line":189,"column":6},"end":{"line":189,"column":50}},"73":{"start":{"line":190,"column":6},"end":{"line":195,"column":9}},"74":{"start":{"line":200,"column":6},"end":{"line":204,"column":9}},"75":{"start":{"line":209,"column":24},"end":{"line":209,"column":53}},"76":{"start":{"line":211,"column":25},"end":{"line":213,"column":8}},"77":{"start":{"line":212,"column":8},"end":{"line":212,"column":54}},"78":{"start":{"line":215,"column":6},"end":{"line":220,"column":7}},"79":{"start":{"line":216,"column":8},"end":{"line":219,"column":11}},"80":{"start":{"line":222,"column":31},"end":{"line":224,"column":8}},"81":{"start":{"line":223,"column":8},"end":{"line":223,"column":50}},"82":{"start":{"line":225,"column":6},"end":{"line":230,"column":9}},"83":{"start":{"line":236,"column":6},"end":{"line":240,"column":9}},"84":{"start":{"line":245,"column":15},"end":{"line":245,"column":28}},"85":{"start":{"line":246,"column":21},"end":{"line":248,"column":8}},"86":{"start":{"line":247,"column":8},"end":{"line":247,"column":39}},"87":{"start":{"line":249,"column":6},"end":{"line":254,"column":9}},"88":{"start":{"line":257,"column":2},"end":{"line":257,"column":28}},"89":{"start":{"line":260,"column":15},"end":{"line":260,"column":33}},"90":{"start":{"line":261,"column":0},"end":{"line":261,"column":30}}},"fnMap":{"0":{"name":"(anonymous_0)","decl":{"start":{"line":23,"column":0},"end":{"line":23,"column":1}},"loc":{"start":{"line":23,"column":12},"end":{"line":258,"column":1}},"line":23},"1":{"name":"PropertyController","decl":{"start":{"line":24,"column":11},"end":{"line":24,"column":29}},"loc":{"start":{"line":24,"column":32},"end":{"line":26,"column":3}},"line":24},"2":{"name":"create","decl":{"start":{"line":30,"column":20},"end":{"line":30,"column":26}},"loc":{"start":{"line":30,"column":37},"end":{"line":78,"column":5}},"line":30},"3":{"name":"(anonymous_3)","decl":{"start":{"line":44,"column":52},"end":{"line":44,"column":53}},"loc":{"start":{"line":44,"column":68},"end":{"line":46,"column":7}},"line":44},"4":{"name":"edit","decl":{"start":{"line":81,"column":20},"end":{"line":81,"column":24}},"loc":{"start":{"line":81,"column":35},"end":{"line":121,"column":5}},"line":81},"5":{"name":"(anonymous_5)","decl":{"start":{"line":86,"column":52},"end":{"line":86,"column":53}},"loc":{"start":{"line":86,"column":68},"end":{"line":88,"column":7}},"line":86},"6":{"name":"(anonymous_6)","decl":{"start":{"line":98,"column":29},"end":{"line":98,"column":30}},"loc":{"start":{"line":98,"column":46},"end":{"line":102,"column":7}},"line":98},"7":{"name":"(anonymous_7)","decl":{"start":{"line":103,"column":55},"end":{"line":103,"column":56}},"loc":{"start":{"line":103,"column":75},"end":{"line":105,"column":7}},"line":103},"8":{"name":"sold","decl":{"start":{"line":124,"column":20},"end":{"line":124,"column":24}},"loc":{"start":{"line":124,"column":35},"end":{"line":160,"column":5}},"line":124},"9":{"name":"(anonymous_9)","decl":{"start":{"line":128,"column":52},"end":{"line":128,"column":53}},"loc":{"start":{"line":128,"column":68},"end":{"line":130,"column":7}},"line":128},"10":{"name":"(anonymous_10)","decl":{"start":{"line":139,"column":55},"end":{"line":139,"column":56}},"loc":{"start":{"line":139,"column":75},"end":{"line":141,"column":7}},"line":139},"11":{"name":"_delete","decl":{"start":{"line":163,"column":20},"end":{"line":163,"column":27}},"loc":{"start":{"line":163,"column":38},"end":{"line":196,"column":5}},"line":163},"12":{"name":"(anonymous_12)","decl":{"start":{"line":167,"column":52},"end":{"line":167,"column":53}},"loc":{"start":{"line":167,"column":68},"end":{"line":169,"column":7}},"line":167},"13":{"name":"(anonymous_13)","decl":{"start":{"line":178,"column":55},"end":{"line":178,"column":56}},"loc":{"start":{"line":178,"column":75},"end":{"line":180,"column":7}},"line":178},"14":{"name":"getAllProperties","decl":{"start":{"line":199,"column":20},"end":{"line":199,"column":36}},"loc":{"start":{"line":199,"column":47},"end":{"line":205,"column":5}},"line":199},"15":{"name":"getAllOwnerProperties","decl":{"start":{"line":208,"column":20},"end":{"line":208,"column":41}},"loc":{"start":{"line":208,"column":52},"end":{"line":231,"column":5}},"line":208},"16":{"name":"(anonymous_16)","decl":{"start":{"line":211,"column":52},"end":{"line":211,"column":53}},"loc":{"start":{"line":211,"column":68},"end":{"line":213,"column":7}},"line":211},"17":{"name":"(anonymous_17)","decl":{"start":{"line":222,"column":49},"end":{"line":222,"column":50}},"loc":{"start":{"line":222,"column":69},"end":{"line":224,"column":7}},"line":222},"18":{"name":"getAllPropertiesType","decl":{"start":{"line":234,"column":20},"end":{"line":234,"column":40}},"loc":{"start":{"line":234,"column":51},"end":{"line":241,"column":5}},"line":234},"19":{"name":"getProperty","decl":{"start":{"line":244,"column":20},"end":{"line":244,"column":31}},"loc":{"start":{"line":244,"column":42},"end":{"line":255,"column":5}},"line":244},"20":{"name":"(anonymous_20)","decl":{"start":{"line":246,"column":37},"end":{"line":246,"column":38}},"loc":{"start":{"line":246,"column":62},"end":{"line":248,"column":7}},"line":246}},"branchMap":{"0":{"loc":{"start":{"line":48,"column":6},"end":{"line":53,"column":7}},"type":"if","locations":[{"start":{"line":48,"column":6},"end":{"line":53,"column":7}},{"start":{"line":48,"column":6},"end":{"line":53,"column":7}}],"line":48},"1":{"loc":{"start":{"line":90,"column":6},"end":{"line":95,"column":7}},"type":"if","locations":[{"start":{"line":90,"column":6},"end":{"line":95,"column":7}},{"start":{"line":90,"column":6},"end":{"line":95,"column":7}}],"line":90},"2":{"loc":{"start":{"line":99,"column":8},"end":{"line":101,"column":9}},"type":"if","locations":[{"start":{"line":99,"column":8},"end":{"line":101,"column":9}},{"start":{"line":99,"column":8},"end":{"line":101,"column":9}}],"line":99},"3":{"loc":{"start":{"line":107,"column":6},"end":{"line":112,"column":7}},"type":"if","locations":[{"start":{"line":107,"column":6},"end":{"line":112,"column":7}},{"start":{"line":107,"column":6},"end":{"line":112,"column":7}}],"line":107},"4":{"loc":{"start":{"line":132,"column":6},"end":{"line":137,"column":7}},"type":"if","locations":[{"start":{"line":132,"column":6},"end":{"line":137,"column":7}},{"start":{"line":132,"column":6},"end":{"line":137,"column":7}}],"line":132},"5":{"loc":{"start":{"line":140,"column":15},"end":{"line":140,"column":85}},"type":"binary-expr","locations":[{"start":{"line":140,"column":15},"end":{"line":140,"column":47}},{"start":{"line":140,"column":51},"end":{"line":140,"column":85}}],"line":140},"6":{"loc":{"start":{"line":143,"column":6},"end":{"line":148,"column":7}},"type":"if","locations":[{"start":{"line":143,"column":6},"end":{"line":148,"column":7}},{"start":{"line":143,"column":6},"end":{"line":148,"column":7}}],"line":143},"7":{"loc":{"start":{"line":171,"column":6},"end":{"line":176,"column":7}},"type":"if","locations":[{"start":{"line":171,"column":6},"end":{"line":176,"column":7}},{"start":{"line":171,"column":6},"end":{"line":176,"column":7}}],"line":171},"8":{"loc":{"start":{"line":179,"column":15},"end":{"line":179,"column":71}},"type":"binary-expr","locations":[{"start":{"line":179,"column":15},"end":{"line":179,"column":33}},{"start":{"line":179,"column":37},"end":{"line":179,"column":71}}],"line":179},"9":{"loc":{"start":{"line":182,"column":6},"end":{"line":187,"column":7}},"type":"if","locations":[{"start":{"line":182,"column":6},"end":{"line":187,"column":7}},{"start":{"line":182,"column":6},"end":{"line":187,"column":7}}],"line":182},"10":{"loc":{"start":{"line":215,"column":6},"end":{"line":220,"column":7}},"type":"if","locations":[{"start":{"line":215,"column":6},"end":{"line":220,"column":7}},{"start":{"line":215,"column":6},"end":{"line":220,"column":7}}],"line":215}},"s":{"0":1,"1":1,"2":1,"3":1,"4":1,"5":1,"6":1,"7":1,"8":1,"9":0,"10":1,"11":2,"12":2,"13":2,"14":2,"15":2,"16":2,"17":2,"18":2,"19":2,"20":2,"21":2,"22":2,"23":2,"24":2,"25":2,"26":1,"27":1,"28":1,"29":1,"30":1,"31":1,"32":2,"33":2,"34":2,"35":2,"36":2,"37":2,"38":1,"39":1,"40":1,"41":10,"42":10,"43":1,"44":1,"45":1,"46":0,"47":1,"48":1,"49":2,"50":2,"51":2,"52":2,"53":2,"54":1,"55":1,"56":1,"57":1,"58":0,"59":1,"60":1,"61":1,"62":0,"63":0,"64":0,"65":0,"66":0,"67":0,"68":0,"69":0,"70":0,"71":0,"72":0,"73":0,"74":0,"75":0,"76":0,"77":0,"78":0,"79":0,"80":0,"81":0,"82":0,"83":0,"84":0,"85":0,"86":0,"87":0,"88":1,"89":1,"90":1},"f":{"0":1,"1":0,"2":2,"3":2,"4":2,"5":2,"6":10,"7":1,"8":2,"9":2,"10":1,"11":0,"12":0,"13":0,"14":0,"15":0,"16":0,"17":0,"18":0,"19":0,"20":0},"b":{"0":[1,1],"1":[1,1],"2":[10,0],"3":[0,1],"4":[1,1],"5":[1,1],"6":[0,1],"7":[0,0],"8":[0,0],"9":[0,0],"10":[0,0]},"_coverageSchema":"43e27e138ebf9cfc5966b082cf9a028302ed4184","hash":"8bfa0ecd613265e45e685c5751c9984b705bdc25","contentHash":"2950e7dee83c248699ee2e9a02971b10a6a836894a03f310ffa73ecda36c2677"},"C:\\Users\\hp\\Desktop\\property-pro\\src\\v1\\middlewares\\validatePropertyFields.js":{"path":"C:\\Users\\hp\\Desktop\\property-pro\\src\\v1\\middlewares\\validatePropertyFields.js","statementMap":{"0":{"start":{"line":3,"column":29},"end":{"line":3,"column":84}},"1":{"start":{"line":5,"column":0},"end":{"line":7,"column":3}},"2":{"start":{"line":8,"column":0},"end":{"line":8,"column":28}},"3":{"start":{"line":10,"column":16},"end":{"line":10,"column":62}},"4":{"start":{"line":12,"column":18},"end":{"line":57,"column":1}},"5":{"start":{"line":59,"column":15},"end":{"line":70,"column":1}},"6":{"start":{"line":60,"column":25},"end":{"line":60,"column":73}},"7":{"start":{"line":62,"column":2},"end":{"line":67,"column":3}},"8":{"start":{"line":63,"column":4},"end":{"line":66,"column":7}},"9":{"start":{"line":69,"column":2},"end":{"line":69,"column":16}},"10":{"start":{"line":72,"column":0},"end":{"line":72,"column":30}}},"fnMap":{"0":{"name":"_default","decl":{"start":{"line":59,"column":24},"end":{"line":59,"column":32}},"loc":{"start":{"line":59,"column":49},"end":{"line":70,"column":1}},"line":59}},"branchMap":{"0":{"loc":{"start":{"line":62,"column":2},"end":{"line":67,"column":3}},"type":"if","locations":[{"start":{"line":62,"column":2},"end":{"line":67,"column":3}},{"start":{"line":62,"column":2},"end":{"line":67,"column":3}}],"line":62}},"s":{"0":1,"1":1,"2":1,"3":1,"4":1,"5":1,"6":4,"7":4,"8":0,"9":4,"10":1},"f":{"0":4},"b":{"0":[0,4]},"_coverageSchema":"43e27e138ebf9cfc5966b082cf9a028302ed4184","hash":"7d2e5f58b6a944c18928e835acfb9ac9c957c99a","contentHash":"e8ade11f78dcd45e54224bec52c9fa287c45bff4a47fa72d2681100329a7c532"},"C:\\Users\\hp\\Desktop\\property-pro\\src\\v2\\routes\\index.js":{"path":"C:\\Users\\hp\\Desktop\\property-pro\\src\\v2\\routes\\index.js","statementMap":{"0":{"start":{"line":3,"column":29},"end":{"line":3,"column":84}},"1":{"start":{"line":5,"column":0},"end":{"line":7,"column":3}},"2":{"start":{"line":8,"column":0},"end":{"line":8,"column":28}},"3":{"start":{"line":10,"column":15},"end":{"line":10,"column":57}},"4":{"start":{"line":12,"column":18},"end":{"line":12,"column":65}},"5":{"start":{"line":14,"column":22},"end":{"line":14,"column":73}},"6":{"start":{"line":16,"column":10},"end":{"line":16,"column":36}},"7":{"start":{"line":17,"column":0},"end":{"line":17,"column":41}},"8":{"start":{"line":18,"column":0},"end":{"line":18,"column":49}},"9":{"start":{"line":19,"column":15},"end":{"line":19,"column":18}},"10":{"start":{"line":20,"column":0},"end":{"line":20,"column":30}}},"fnMap":{},"branchMap":{},"s":{"0":1,"1":1,"2":1,"3":1,"4":1,"5":1,"6":1,"7":1,"8":1,"9":1,"10":1},"f":{},"b":{},"_coverageSchema":"43e27e138ebf9cfc5966b082cf9a028302ed4184","hash":"83034af04e3f9a1bdaae0baf9083a68836a452f4","contentHash":"fc08192a905156c1d800655a0008db236fd1d415dad04fee35df1db8382058f3"},"C:\\Users\\hp\\Desktop\\property-pro\\src\\v2\\routes\\authRouter.js":{"path":"C:\\Users\\hp\\Desktop\\property-pro\\src\\v2\\routes\\authRouter.js","statementMap":{"0":{"start":{"line":3,"column":29},"end":{"line":3,"column":84}},"1":{"start":{"line":5,"column":0},"end":{"line":7,"column":3}},"2":{"start":{"line":8,"column":0},"end":{"line":8,"column":28}},"3":{"start":{"line":10,"column":15},"end":{"line":10,"column":57}},"4":{"start":{"line":12,"column":22},"end":{"line":12,"column":86}},"5":{"start":{"line":14,"column":28},"end":{"line":14,"column":98}},"6":{"start":{"line":16,"column":12},"end":{"line":16,"column":38}},"7":{"start":{"line":17,"column":0},"end":{"line":17,"column":57}},"8":{"start":{"line":18,"column":0},"end":{"line":18,"column":91}},"9":{"start":{"line":19,"column":15},"end":{"line":19,"column":20}},"10":{"start":{"line":20,"column":0},"end":{"line":20,"column":30}}},"fnMap":{},"branchMap":{},"s":{"0":1,"1":1,"2":1,"3":1,"4":1,"5":1,"6":1,"7":1,"8":1,"9":1,"10":1},"f":{},"b":{},"_coverageSchema":"43e27e138ebf9cfc5966b082cf9a028302ed4184","hash":"33cb6391ddeb02849633711beed546d9cad2221a","contentHash":"87d2a5b4caae856cc236242c9d2710b544e9ebf56901a6e2824e7f7803966b54"},"C:\\Users\\hp\\Desktop\\property-pro\\src\\v2\\controllers\\AuthController.js":{"path":"C:\\Users\\hp\\Desktop\\property-pro\\src\\v2\\controllers\\AuthController.js","statementMap":{"0":{"start":{"line":3,"column":29},"end":{"line":3,"column":84}},"1":{"start":{"line":5,"column":0},"end":{"line":7,"column":3}},"2":{"start":{"line":8,"column":0},"end":{"line":8,"column":28}},"3":{"start":{"line":10,"column":19},"end":{"line":10,"column":80}},"4":{"start":{"line":12,"column":25},"end":{"line":12,"column":99}},"5":{"start":{"line":14,"column":23},"end":{"line":14,"column":95}},"6":{"start":{"line":16,"column":20},"end":{"line":16,"column":89}},"7":{"start":{"line":18,"column":20},"end":{"line":18,"column":67}},"8":{"start":{"line":20,"column":14},"end":{"line":20,"column":55}},"9":{"start":{"line":22,"column":12},"end":{"line":22,"column":61}},"10":{"start":{"line":25,"column":0},"end":{"line":25,"column":28}},"11":{"start":{"line":29,"column":0},"end":{"line":173,"column":3}},"12":{"start":{"line":31,"column":4},"end":{"line":31,"column":59}},"13":{"start":{"line":34,"column":2},"end":{"line":171,"column":6}},"14":{"start":{"line":37,"column":20},"end":{"line":81,"column":9}},"15":{"start":{"line":42,"column":8},"end":{"line":80,"column":20}},"16":{"start":{"line":43,"column":10},"end":{"line":79,"column":11}},"17":{"start":{"line":44,"column":12},"end":{"line":78,"column":13}},"18":{"start":{"line":46,"column":16},"end":{"line":46,"column":93}},"19":{"start":{"line":47,"column":16},"end":{"line":47,"column":34}},"20":{"start":{"line":48,"column":16},"end":{"line":48,"column":66}},"21":{"start":{"line":51,"column":16},"end":{"line":51,"column":47}},"22":{"start":{"line":53,"column":16},"end":{"line":56,"column":17}},"23":{"start":{"line":54,"column":18},"end":{"line":54,"column":36}},"24":{"start":{"line":55,"column":18},"end":{"line":55,"column":24}},"25":{"start":{"line":58,"column":16},"end":{"line":61,"column":20}},"26":{"start":{"line":64,"column":16},"end":{"line":64,"column":47}},"27":{"start":{"line":65,"column":16},"end":{"line":67,"column":45}},"28":{"start":{"line":68,"column":16},"end":{"line":73,"column":20}},"29":{"start":{"line":77,"column":16},"end":{"line":77,"column":39}},"30":{"start":{"line":84,"column":8},"end":{"line":84,"column":46}},"31":{"start":{"line":87,"column":6},"end":{"line":87,"column":20}},"32":{"start":{"line":92,"column":20},"end":{"line":163,"column":9}},"33":{"start":{"line":97,"column":8},"end":{"line":162,"column":38}},"34":{"start":{"line":98,"column":10},"end":{"line":161,"column":11}},"35":{"start":{"line":99,"column":12},"end":{"line":160,"column":13}},"36":{"start":{"line":101,"column":16},"end":{"line":101,"column":266}},"37":{"start":{"line":102,"column":16},"end":{"line":102,"column":35}},"38":{"start":{"line":103,"column":16},"end":{"line":103,"column":35}},"39":{"start":{"line":104,"column":16},"end":{"line":104,"column":66}},"40":{"start":{"line":107,"column":16},"end":{"line":107,"column":48}},"41":{"start":{"line":109,"column":16},"end":{"line":112,"column":17}},"42":{"start":{"line":110,"column":18},"end":{"line":110,"column":37}},"43":{"start":{"line":111,"column":18},"end":{"line":111,"column":24}},"44":{"start":{"line":114,"column":16},"end":{"line":117,"column":20}},"45":{"start":{"line":120,"column":16},"end":{"line":128,"column":18}},"46":{"start":{"line":129,"column":16},"end":{"line":129,"column":36}},"47":{"start":{"line":130,"column":16},"end":{"line":130,"column":59}},"48":{"start":{"line":133,"column":16},"end":{"line":133,"column":41}},"49":{"start":{"line":134,"column":16},"end":{"line":134,"column":40}},"50":{"start":{"line":135,"column":16},"end":{"line":137,"column":45}},"51":{"start":{"line":138,"column":16},"end":{"line":147,"column":20}},"52":{"start":{"line":150,"column":16},"end":{"line":150,"column":36}},"53":{"start":{"line":151,"column":16},"end":{"line":151,"column":53}},"54":{"start":{"line":152,"column":16},"end":{"line":155,"column":20}},"55":{"start":{"line":159,"column":16},"end":{"line":159,"column":40}},"56":{"start":{"line":166,"column":8},"end":{"line":166,"column":46}},"57":{"start":{"line":169,"column":6},"end":{"line":169,"column":20}},"58":{"start":{"line":172,"column":2},"end":{"line":172,"column":24}},"59":{"start":{"line":175,"column":15},"end":{"line":175,"column":29}},"60":{"start":{"line":176,"column":0},"end":{"line":176,"column":30}}},"fnMap":{"0":{"name":"(anonymous_0)","decl":{"start":{"line":29,"column":0},"end":{"line":29,"column":1}},"loc":{"start":{"line":29,"column":12},"end":{"line":173,"column":1}},"line":29},"1":{"name":"AuthController","decl":{"start":{"line":30,"column":11},"end":{"line":30,"column":25}},"loc":{"start":{"line":30,"column":28},"end":{"line":32,"column":3}},"line":30},"2":{"name":"(anonymous_2)","decl":{"start":{"line":36,"column":11},"end":{"line":36,"column":12}},"loc":{"start":{"line":36,"column":23},"end":{"line":88,"column":5}},"line":36},"3":{"name":"_callee","decl":{"start":{"line":39,"column":44},"end":{"line":39,"column":51}},"loc":{"start":{"line":39,"column":62},"end":{"line":81,"column":7}},"line":39},"4":{"name":"_callee$","decl":{"start":{"line":42,"column":53},"end":{"line":42,"column":61}},"loc":{"start":{"line":42,"column":72},"end":{"line":80,"column":9}},"line":42},"5":{"name":"signin","decl":{"start":{"line":83,"column":15},"end":{"line":83,"column":21}},"loc":{"start":{"line":83,"column":31},"end":{"line":85,"column":7}},"line":83},"6":{"name":"(anonymous_6)","decl":{"start":{"line":91,"column":11},"end":{"line":91,"column":12}},"loc":{"start":{"line":91,"column":23},"end":{"line":170,"column":5}},"line":91},"7":{"name":"_callee2","decl":{"start":{"line":94,"column":44},"end":{"line":94,"column":52}},"loc":{"start":{"line":94,"column":63},"end":{"line":163,"column":7}},"line":94},"8":{"name":"_callee2$","decl":{"start":{"line":97,"column":53},"end":{"line":97,"column":62}},"loc":{"start":{"line":97,"column":74},"end":{"line":162,"column":9}},"line":97},"9":{"name":"signup","decl":{"start":{"line":165,"column":15},"end":{"line":165,"column":21}},"loc":{"start":{"line":165,"column":32},"end":{"line":167,"column":7}},"line":165}},"branchMap":{"0":{"loc":{"start":{"line":44,"column":12},"end":{"line":78,"column":13}},"type":"switch","locations":[{"start":{"line":45,"column":14},"end":{"line":48,"column":66}},{"start":{"line":50,"column":14},"end":{"line":61,"column":20}},{"start":{"line":63,"column":14},"end":{"line":73,"column":20}},{"start":{"line":75,"column":14},"end":{"line":75,"column":21}},{"start":{"line":76,"column":14},"end":{"line":77,"column":39}}],"line":44},"1":{"loc":{"start":{"line":53,"column":16},"end":{"line":56,"column":17}},"type":"if","locations":[{"start":{"line":53,"column":16},"end":{"line":56,"column":17}},{"start":{"line":53,"column":16},"end":{"line":56,"column":17}}],"line":53},"2":{"loc":{"start":{"line":99,"column":12},"end":{"line":160,"column":13}},"type":"switch","locations":[{"start":{"line":100,"column":14},"end":{"line":104,"column":66}},{"start":{"line":106,"column":14},"end":{"line":117,"column":20}},{"start":{"line":119,"column":14},"end":{"line":130,"column":59}},{"start":{"line":132,"column":14},"end":{"line":147,"column":20}},{"start":{"line":149,"column":14},"end":{"line":155,"column":20}},{"start":{"line":157,"column":14},"end":{"line":157,"column":22}},{"start":{"line":158,"column":14},"end":{"line":159,"column":40}}],"line":99},"3":{"loc":{"start":{"line":109,"column":16},"end":{"line":112,"column":17}},"type":"if","locations":[{"start":{"line":109,"column":16},"end":{"line":112,"column":17}},{"start":{"line":109,"column":16},"end":{"line":112,"column":17}}],"line":109}},"s":{"0":1,"1":1,"2":1,"3":1,"4":1,"5":1,"6":1,"7":1,"8":1,"9":1,"10":1,"11":1,"12":0,"13":1,"14":1,"15":0,"16":0,"17":0,"18":0,"19":0,"20":0,"21":0,"22":0,"23":0,"24":0,"25":0,"26":0,"27":0,"28":0,"29":0,"30":0,"31":1,"32":1,"33":0,"34":0,"35":0,"36":0,"37":0,"38":0,"39":0,"40":0,"41":0,"42":0,"43":0,"44":0,"45":0,"46":0,"47":0,"48":0,"49":0,"50":0,"51":0,"52":0,"53":0,"54":0,"55":0,"56":0,"57":1,"58":1,"59":1,"60":1},"f":{"0":1,"1":0,"2":1,"3":0,"4":0,"5":0,"6":1,"7":0,"8":0,"9":0},"b":{"0":[0,0,0,0,0],"1":[0,0],"2":[0,0,0,0,0,0,0],"3":[0,0]},"_coverageSchema":"43e27e138ebf9cfc5966b082cf9a028302ed4184","hash":"575a72866a3d2941f23b8601e8185b6c233596ca","contentHash":"e078ddccd3fd4728820b01040e8e2335bd509dfe3de686450def8bcd48dd27d3"},"C:\\Users\\hp\\Desktop\\property-pro\\src\\v2\\models\\User.js":{"path":"C:\\Users\\hp\\Desktop\\property-pro\\src\\v2\\models\\User.js","statementMap":{"0":{"start":{"line":3,"column":29},"end":{"line":3,"column":84}},"1":{"start":{"line":5,"column":0},"end":{"line":7,"column":3}},"2":{"start":{"line":8,"column":0},"end":{"line":8,"column":28}},"3":{"start":{"line":10,"column":19},"end":{"line":10,"column":80}},"4":{"start":{"line":12,"column":25},"end":{"line":12,"column":99}},"5":{"start":{"line":14,"column":23},"end":{"line":14,"column":95}},"6":{"start":{"line":16,"column":20},"end":{"line":16,"column":89}},"7":{"start":{"line":18,"column":9},"end":{"line":18,"column":51}},"8":{"start":{"line":20,"column":13},"end":{"line":20,"column":55}},"9":{"start":{"line":25,"column":0},"end":{"line":113,"column":3}},"10":{"start":{"line":27,"column":4},"end":{"line":27,"column":49}},"11":{"start":{"line":30,"column":2},"end":{"line":111,"column":6}},"12":{"start":{"line":33,"column":26},"end":{"line":69,"column":9}},"13":{"start":{"line":37,"column":8},"end":{"line":68,"column":37}},"14":{"start":{"line":38,"column":10},"end":{"line":67,"column":11}},"15":{"start":{"line":39,"column":12},"end":{"line":66,"column":13}},"16":{"start":{"line":41,"column":16},"end":{"line":41,"column":177}},"17":{"start":{"line":42,"column":16},"end":{"line":42,"column":42}},"18":{"start":{"line":43,"column":16},"end":{"line":43,"column":39}},"19":{"start":{"line":44,"column":16},"end":{"line":44,"column":164}},"20":{"start":{"line":45,"column":16},"end":{"line":45,"column":104}},"21":{"start":{"line":46,"column":16},"end":{"line":46,"column":34}},"22":{"start":{"line":47,"column":16},"end":{"line":47,"column":34}},"23":{"start":{"line":48,"column":16},"end":{"line":48,"column":62}},"24":{"start":{"line":51,"column":16},"end":{"line":51,"column":35}},"25":{"start":{"line":52,"column":16},"end":{"line":52,"column":54}},"26":{"start":{"line":55,"column":16},"end":{"line":55,"column":40}},"27":{"start":{"line":56,"column":16},"end":{"line":56,"column":58}},"28":{"start":{"line":59,"column":16},"end":{"line":59,"column":35}},"29":{"start":{"line":60,"column":16},"end":{"line":60,"column":51}},"30":{"start":{"line":61,"column":16},"end":{"line":61,"column":45}},"31":{"start":{"line":65,"column":16},"end":{"line":65,"column":39}},"32":{"start":{"line":72,"column":8},"end":{"line":72,"column":52}},"33":{"start":{"line":75,"column":6},"end":{"line":75,"column":26}},"34":{"start":{"line":80,"column":22},"end":{"line":103,"column":9}},"35":{"start":{"line":84,"column":8},"end":{"line":102,"column":21}},"36":{"start":{"line":85,"column":10},"end":{"line":101,"column":11}},"37":{"start":{"line":86,"column":12},"end":{"line":100,"column":13}},"38":{"start":{"line":88,"column":16},"end":{"line":88,"column":77}},"39":{"start":{"line":89,"column":16},"end":{"line":89,"column":43}},"40":{"start":{"line":90,"column":16},"end":{"line":90,"column":35}},"41":{"start":{"line":91,"column":16},"end":{"line":91,"column":62}},"42":{"start":{"line":94,"column":16},"end":{"line":94,"column":38}},"43":{"start":{"line":95,"column":16},"end":{"line":95,"column":56}},"44":{"start":{"line":99,"column":16},"end":{"line":99,"column":40}},"45":{"start":{"line":106,"column":8},"end":{"line":106,"column":48}},"46":{"start":{"line":109,"column":6},"end":{"line":109,"column":22}},"47":{"start":{"line":112,"column":2},"end":{"line":112,"column":14}},"48":{"start":{"line":115,"column":0},"end":{"line":115,"column":26}}},"fnMap":{"0":{"name":"(anonymous_0)","decl":{"start":{"line":25,"column":0},"end":{"line":25,"column":1}},"loc":{"start":{"line":25,"column":12},"end":{"line":113,"column":1}},"line":25},"1":{"name":"User","decl":{"start":{"line":26,"column":11},"end":{"line":26,"column":15}},"loc":{"start":{"line":26,"column":18},"end":{"line":28,"column":3}},"line":26},"2":{"name":"(anonymous_2)","decl":{"start":{"line":32,"column":11},"end":{"line":32,"column":12}},"loc":{"start":{"line":32,"column":23},"end":{"line":76,"column":5}},"line":32},"3":{"name":"_callee","decl":{"start":{"line":35,"column":44},"end":{"line":35,"column":51}},"loc":{"start":{"line":35,"column":58},"end":{"line":69,"column":7}},"line":35},"4":{"name":"_callee$","decl":{"start":{"line":37,"column":53},"end":{"line":37,"column":61}},"loc":{"start":{"line":37,"column":72},"end":{"line":68,"column":9}},"line":37},"5":{"name":"registerUser","decl":{"start":{"line":71,"column":15},"end":{"line":71,"column":27}},"loc":{"start":{"line":71,"column":32},"end":{"line":73,"column":7}},"line":71},"6":{"name":"(anonymous_6)","decl":{"start":{"line":79,"column":11},"end":{"line":79,"column":12}},"loc":{"start":{"line":79,"column":23},"end":{"line":110,"column":5}},"line":79},"7":{"name":"_callee2","decl":{"start":{"line":82,"column":44},"end":{"line":82,"column":52}},"loc":{"start":{"line":82,"column":70},"end":{"line":103,"column":7}},"line":82},"8":{"name":"_callee2$","decl":{"start":{"line":84,"column":53},"end":{"line":84,"column":62}},"loc":{"start":{"line":84,"column":74},"end":{"line":102,"column":9}},"line":84},"9":{"name":"findUser","decl":{"start":{"line":105,"column":15},"end":{"line":105,"column":23}},"loc":{"start":{"line":105,"column":34},"end":{"line":107,"column":7}},"line":105}},"branchMap":{"0":{"loc":{"start":{"line":39,"column":12},"end":{"line":66,"column":13}},"type":"switch","locations":[{"start":{"line":40,"column":14},"end":{"line":48,"column":62}},{"start":{"line":50,"column":14},"end":{"line":52,"column":54}},{"start":{"line":54,"column":14},"end":{"line":56,"column":58}},{"start":{"line":58,"column":14},"end":{"line":61,"column":45}},{"start":{"line":63,"column":14},"end":{"line":63,"column":22}},{"start":{"line":64,"column":14},"end":{"line":65,"column":39}}],"line":39},"1":{"loc":{"start":{"line":86,"column":12},"end":{"line":100,"column":13}},"type":"switch","locations":[{"start":{"line":87,"column":14},"end":{"line":91,"column":62}},{"start":{"line":93,"column":14},"end":{"line":95,"column":56}},{"start":{"line":97,"column":14},"end":{"line":97,"column":21}},{"start":{"line":98,"column":14},"end":{"line":99,"column":40}}],"line":86}},"s":{"0":1,"1":1,"2":1,"3":1,"4":1,"5":1,"6":1,"7":1,"8":1,"9":1,"10":0,"11":1,"12":1,"13":0,"14":0,"15":0,"16":0,"17":0,"18":0,"19":0,"20":0,"21":0,"22":0,"23":0,"24":0,"25":0,"26":0,"27":0,"28":0,"29":0,"30":0,"31":0,"32":0,"33":1,"34":1,"35":0,"36":0,"37":0,"38":0,"39":0,"40":0,"41":0,"42":0,"43":0,"44":0,"45":0,"46":1,"47":1,"48":1},"f":{"0":1,"1":0,"2":1,"3":0,"4":0,"5":0,"6":1,"7":0,"8":0,"9":0},"b":{"0":[0,0,0,0,0,0],"1":[0,0,0,0]},"_coverageSchema":"43e27e138ebf9cfc5966b082cf9a028302ed4184","hash":"b7e373c069b164a101a15232d7c3e5cb5640c57a","contentHash":"1af6ca034e23d0836968cc0e123e0998cb58460751b2f5f6e89d9ddf1c2f266f"},"C:\\Users\\hp\\Desktop\\property-pro\\src\\v2\\models\\index.js":{"path":"C:\\Users\\hp\\Desktop\\property-pro\\src\\v2\\models\\index.js","statementMap":{"0":{"start":{"line":3,"column":29},"end":{"line":3,"column":84}},"1":{"start":{"line":5,"column":0},"end":{"line":7,"column":3}},"2":{"start":{"line":8,"column":0},"end":{"line":8,"column":28}},"3":{"start":{"line":10,"column":10},"end":{"line":10,"column":23}},"4":{"start":{"line":12,"column":14},"end":{"line":12,"column":55}},"5":{"start":{"line":14,"column":0},"end":{"line":14,"column":28}},"6":{"start":{"line":16,"column":11},"end":{"line":18,"column":2}},"7":{"start":{"line":19,"column":15},"end":{"line":30,"column":1}},"8":{"start":{"line":21,"column":4},"end":{"line":28,"column":7}},"9":{"start":{"line":22,"column":6},"end":{"line":27,"column":9}},"10":{"start":{"line":23,"column":8},"end":{"line":23,"column":21}},"11":{"start":{"line":25,"column":8},"end":{"line":25,"column":25}},"12":{"start":{"line":26,"column":8},"end":{"line":26,"column":45}},"13":{"start":{"line":31,"column":0},"end":{"line":31,"column":30}}},"fnMap":{"0":{"name":"query","decl":{"start":{"line":20,"column":18},"end":{"line":20,"column":23}},"loc":{"start":{"line":20,"column":38},"end":{"line":29,"column":3}},"line":20},"1":{"name":"(anonymous_1)","decl":{"start":{"line":21,"column":23},"end":{"line":21,"column":24}},"loc":{"start":{"line":21,"column":50},"end":{"line":28,"column":5}},"line":21},"2":{"name":"(anonymous_2)","decl":{"start":{"line":22,"column":36},"end":{"line":22,"column":37}},"loc":{"start":{"line":22,"column":51},"end":{"line":24,"column":7}},"line":22},"3":{"name":"(anonymous_3)","decl":{"start":{"line":24,"column":18},"end":{"line":24,"column":19}},"loc":{"start":{"line":24,"column":33},"end":{"line":27,"column":7}},"line":24}},"branchMap":{},"s":{"0":1,"1":1,"2":1,"3":1,"4":1,"5":1,"6":1,"7":1,"8":0,"9":0,"10":0,"11":0,"12":0,"13":1},"f":{"0":0,"1":0,"2":0,"3":0},"b":{},"_coverageSchema":"43e27e138ebf9cfc5966b082cf9a028302ed4184","hash":"4faa2a451a62069df3941181e873193cbd4074a7","contentHash":"95bb4871f7de143d005435193154a699ff7f0c48f62c6b0c668469037e67d761"},"C:\\Users\\hp\\Desktop\\property-pro\\src\\v2\\middlewares\\validateSignupFields.js":{"path":"C:\\Users\\hp\\Desktop\\property-pro\\src\\v2\\middlewares\\validateSignupFields.js","statementMap":{"0":{"start":{"line":3,"column":29},"end":{"line":3,"column":84}},"1":{"start":{"line":5,"column":0},"end":{"line":7,"column":3}},"2":{"start":{"line":8,"column":0},"end":{"line":8,"column":28}},"3":{"start":{"line":10,"column":16},"end":{"line":10,"column":62}},"4":{"start":{"line":12,"column":18},"end":{"line":63,"column":1}},"5":{"start":{"line":42,"column":8},"end":{"line":44,"column":11}},"6":{"start":{"line":65,"column":15},"end":{"line":76,"column":1}},"7":{"start":{"line":66,"column":25},"end":{"line":66,"column":73}},"8":{"start":{"line":68,"column":2},"end":{"line":73,"column":3}},"9":{"start":{"line":69,"column":4},"end":{"line":72,"column":7}},"10":{"start":{"line":75,"column":2},"end":{"line":75,"column":16}},"11":{"start":{"line":78,"column":0},"end":{"line":78,"column":30}}},"fnMap":{"0":{"name":"message","decl":{"start":{"line":41,"column":24},"end":{"line":41,"column":31}},"loc":{"start":{"line":41,"column":35},"end":{"line":45,"column":7}},"line":41},"1":{"name":"_default","decl":{"start":{"line":65,"column":24},"end":{"line":65,"column":32}},"loc":{"start":{"line":65,"column":49},"end":{"line":76,"column":1}},"line":65}},"branchMap":{"0":{"loc":{"start":{"line":68,"column":2},"end":{"line":73,"column":3}},"type":"if","locations":[{"start":{"line":68,"column":2},"end":{"line":73,"column":3}},{"start":{"line":68,"column":2},"end":{"line":73,"column":3}}],"line":68}},"s":{"0":1,"1":1,"2":1,"3":1,"4":1,"5":0,"6":1,"7":0,"8":0,"9":0,"10":0,"11":1},"f":{"0":0,"1":0},"b":{"0":[0,0]},"_coverageSchema":"43e27e138ebf9cfc5966b082cf9a028302ed4184","hash":"a0dea345d1b8c3e47ef2f0366c69600433d4cbe1","contentHash":"abe6db13c48d0125f06051ce79c1b49802da2c4ef73c1f4eb777252ca516957e"},"C:\\Users\\hp\\Desktop\\property-pro\\src\\v2\\routes\\propertyRouter.js":{"path":"C:\\Users\\hp\\Desktop\\property-pro\\src\\v2\\routes\\propertyRouter.js","statementMap":{"0":{"start":{"line":3,"column":29},"end":{"line":3,"column":84}},"1":{"start":{"line":5,"column":0},"end":{"line":7,"column":3}},"2":{"start":{"line":8,"column":0},"end":{"line":8,"column":28}},"3":{"start":{"line":10,"column":15},"end":{"line":10,"column":57}},"4":{"start":{"line":12,"column":26},"end":{"line":12,"column":94}},"5":{"start":{"line":14,"column":30},"end":{"line":14,"column":102}},"6":{"start":{"line":16,"column":12},"end":{"line":16,"column":38}},"7":{"start":{"line":17,"column":0},"end":{"line":17,"column":91}},"8":{"start":{"line":18,"column":0},"end":{"line":18,"column":57}},"9":{"start":{"line":19,"column":0},"end":{"line":19,"column":62}},"10":{"start":{"line":20,"column":0},"end":{"line":20,"column":66}},"11":{"start":{"line":21,"column":0},"end":{"line":21,"column":64}},"12":{"start":{"line":22,"column":0},"end":{"line":22,"column":62}},"13":{"start":{"line":23,"column":15},"end":{"line":23,"column":20}},"14":{"start":{"line":24,"column":0},"end":{"line":24,"column":30}}},"fnMap":{},"branchMap":{},"s":{"0":1,"1":1,"2":1,"3":1,"4":1,"5":1,"6":1,"7":1,"8":1,"9":1,"10":1,"11":1,"12":1,"13":1,"14":1},"f":{},"b":{},"_coverageSchema":"43e27e138ebf9cfc5966b082cf9a028302ed4184","hash":"255b16d69c6d01614ce96e67b9b0998d1a2cbe9b","contentHash":"56cc6358ccf8713e3a6d4b95e9e34ae2f97a6684cb4d54f53b365dafb147d315"},"C:\\Users\\hp\\Desktop\\property-pro\\src\\v2\\controllers\\PropertyController.js":{"path":"C:\\Users\\hp\\Desktop\\property-pro\\src\\v2\\controllers\\PropertyController.js","statementMap":{"0":{"start":{"line":3,"column":29},"end":{"line":3,"column":84}},"1":{"start":{"line":5,"column":0},"end":{"line":7,"column":3}},"2":{"start":{"line":8,"column":0},"end":{"line":8,"column":28}},"3":{"start":{"line":10,"column":21},"end":{"line":10,"column":91}},"4":{"start":{"line":12,"column":19},"end":{"line":12,"column":80}},"5":{"start":{"line":14,"column":25},"end":{"line":14,"column":99}},"6":{"start":{"line":16,"column":23},"end":{"line":16,"column":95}},"7":{"start":{"line":18,"column":20},"end":{"line":18,"column":89}},"8":{"start":{"line":20,"column":20},"end":{"line":20,"column":67}},"9":{"start":{"line":22,"column":16},"end":{"line":22,"column":69}},"10":{"start":{"line":26,"column":0},"end":{"line":379,"column":3}},"11":{"start":{"line":28,"column":4},"end":{"line":28,"column":63}},"12":{"start":{"line":31,"column":2},"end":{"line":377,"column":6}},"13":{"start":{"line":34,"column":20},"end":{"line":78,"column":9}},"14":{"start":{"line":39,"column":8},"end":{"line":77,"column":20}},"15":{"start":{"line":40,"column":10},"end":{"line":76,"column":11}},"16":{"start":{"line":41,"column":12},"end":{"line":75,"column":13}},"17":{"start":{"line":43,"column":16},"end":{"line":43,"column":317}},"18":{"start":{"line":44,"column":16},"end":{"line":44,"column":60}},"19":{"start":{"line":45,"column":16},"end":{"line":45,"column":96}},"20":{"start":{"line":46,"column":16},"end":{"line":46,"column":30}},"21":{"start":{"line":47,"column":16},"end":{"line":61,"column":18}},"22":{"start":{"line":62,"column":16},"end":{"line":62,"column":34}},"23":{"start":{"line":63,"column":16},"end":{"line":63,"column":58}},"24":{"start":{"line":66,"column":16},"end":{"line":66,"column":41}},"25":{"start":{"line":67,"column":16},"end":{"line":70,"column":20}},"26":{"start":{"line":74,"column":16},"end":{"line":74,"column":39}},"27":{"start":{"line":81,"column":8},"end":{"line":81,"column":46}},"28":{"start":{"line":84,"column":6},"end":{"line":84,"column":20}},"29":{"start":{"line":89,"column":18},"end":{"line":141,"column":9}},"30":{"start":{"line":93,"column":8},"end":{"line":140,"column":21}},"31":{"start":{"line":94,"column":10},"end":{"line":139,"column":11}},"32":{"start":{"line":95,"column":12},"end":{"line":138,"column":13}},"33":{"start":{"line":97,"column":16},"end":{"line":97,"column":35}},"34":{"start":{"line":98,"column":16},"end":{"line":98,"column":139}},"35":{"start":{"line":99,"column":16},"end":{"line":99,"column":36}},"36":{"start":{"line":100,"column":16},"end":{"line":104,"column":19}},"37":{"start":{"line":101,"column":18},"end":{"line":103,"column":19}},"38":{"start":{"line":102,"column":20},"end":{"line":102,"column":60}},"39":{"start":{"line":105,"column":16},"end":{"line":105,"column":35}},"40":{"start":{"line":106,"column":16},"end":{"line":106,"column":61}},"41":{"start":{"line":109,"column":16},"end":{"line":109,"column":42}},"42":{"start":{"line":111,"column":16},"end":{"line":114,"column":17}},"43":{"start":{"line":112,"column":18},"end":{"line":112,"column":37}},"44":{"start":{"line":113,"column":18},"end":{"line":113,"column":24}},"45":{"start":{"line":116,"column":16},"end":{"line":119,"column":20}},"46":{"start":{"line":122,"column":16},"end":{"line":122,"column":88}},"47":{"start":{"line":123,"column":16},"end":{"line":123,"column":36}},"48":{"start":{"line":124,"column":16},"end":{"line":124,"column":61}},"49":{"start":{"line":127,"column":16},"end":{"line":127,"column":42}},"50":{"start":{"line":128,"column":16},"end":{"line":133,"column":20}},"51":{"start":{"line":137,"column":16},"end":{"line":137,"column":40}},"52":{"start":{"line":144,"column":8},"end":{"line":144,"column":44}},"53":{"start":{"line":147,"column":6},"end":{"line":147,"column":18}},"54":{"start":{"line":152,"column":18},"end":{"line":199,"column":9}},"55":{"start":{"line":157,"column":8},"end":{"line":198,"column":21}},"56":{"start":{"line":158,"column":10},"end":{"line":197,"column":11}},"57":{"start":{"line":159,"column":12},"end":{"line":196,"column":13}},"58":{"start":{"line":161,"column":16},"end":{"line":161,"column":35}},"59":{"start":{"line":162,"column":16},"end":{"line":162,"column":60}},"60":{"start":{"line":163,"column":16},"end":{"line":163,"column":103}},"61":{"start":{"line":164,"column":16},"end":{"line":164,"column":35}},"62":{"start":{"line":165,"column":16},"end":{"line":165,"column":75}},"63":{"start":{"line":168,"column":16},"end":{"line":168,"column":42}},"64":{"start":{"line":170,"column":16},"end":{"line":173,"column":17}},"65":{"start":{"line":171,"column":18},"end":{"line":171,"column":37}},"66":{"start":{"line":172,"column":18},"end":{"line":172,"column":24}},"67":{"start":{"line":175,"column":16},"end":{"line":178,"column":20}},"68":{"start":{"line":181,"column":16},"end":{"line":181,"column":36}},"69":{"start":{"line":182,"column":16},"end":{"line":182,"column":53}},"70":{"start":{"line":185,"column":16},"end":{"line":185,"column":42}},"71":{"start":{"line":186,"column":16},"end":{"line":191,"column":20}},"72":{"start":{"line":195,"column":16},"end":{"line":195,"column":40}},"73":{"start":{"line":202,"column":8},"end":{"line":202,"column":44}},"74":{"start":{"line":205,"column":6},"end":{"line":205,"column":18}},"75":{"start":{"line":210,"column":21},"end":{"line":257,"column":9}},"76":{"start":{"line":215,"column":8},"end":{"line":256,"column":21}},"77":{"start":{"line":216,"column":10},"end":{"line":255,"column":11}},"78":{"start":{"line":217,"column":12},"end":{"line":254,"column":13}},"79":{"start":{"line":219,"column":16},"end":{"line":219,"column":35}},"80":{"start":{"line":220,"column":16},"end":{"line":220,"column":60}},"81":{"start":{"line":221,"column":16},"end":{"line":221,"column":103}},"82":{"start":{"line":222,"column":16},"end":{"line":222,"column":35}},"83":{"start":{"line":223,"column":16},"end":{"line":223,"column":75}},"84":{"start":{"line":226,"column":16},"end":{"line":226,"column":42}},"85":{"start":{"line":228,"column":16},"end":{"line":231,"column":17}},"86":{"start":{"line":229,"column":18},"end":{"line":229,"column":37}},"87":{"start":{"line":230,"column":18},"end":{"line":230,"column":24}},"88":{"start":{"line":233,"column":16},"end":{"line":236,"column":20}},"89":{"start":{"line":239,"column":16},"end":{"line":239,"column":36}},"90":{"start":{"line":240,"column":16},"end":{"line":240,"column":58}},"91":{"start":{"line":243,"column":16},"end":{"line":243,"column":42}},"92":{"start":{"line":244,"column":16},"end":{"line":249,"column":20}},"93":{"start":{"line":253,"column":16},"end":{"line":253,"column":40}},"94":{"start":{"line":260,"column":8},"end":{"line":260,"column":47}},"95":{"start":{"line":263,"column":6},"end":{"line":263,"column":21}},"96":{"start":{"line":268,"column":30},"end":{"line":293,"column":9}},"97":{"start":{"line":272,"column":8},"end":{"line":292,"column":21}},"98":{"start":{"line":273,"column":10},"end":{"line":291,"column":11}},"99":{"start":{"line":274,"column":12},"end":{"line":290,"column":13}},"100":{"start":{"line":276,"column":16},"end":{"line":276,"column":35}},"101":{"start":{"line":277,"column":16},"end":{"line":277,"column":54}},"102":{"start":{"line":280,"column":16},"end":{"line":280,"column":44}},"103":{"start":{"line":281,"column":16},"end":{"line":285,"column":20}},"104":{"start":{"line":289,"column":16},"end":{"line":289,"column":40}},"105":{"start":{"line":296,"column":8},"end":{"line":296,"column":56}},"106":{"start":{"line":299,"column":6},"end":{"line":299,"column":30}},"107":{"start":{"line":304,"column":35},"end":{"line":332,"column":9}},"108":{"start":{"line":309,"column":8},"end":{"line":331,"column":21}},"109":{"start":{"line":310,"column":10},"end":{"line":330,"column":11}},"110":{"start":{"line":311,"column":12},"end":{"line":329,"column":13}},"111":{"start":{"line":313,"column":16},"end":{"line":313,"column":60}},"112":{"start":{"line":314,"column":16},"end":{"line":314,"column":98}},"113":{"start":{"line":315,"column":16},"end":{"line":315,"column":35}},"114":{"start":{"line":316,"column":16},"end":{"line":316,"column":68}},"115":{"start":{"line":319,"column":16},"end":{"line":319,"column":44}},"116":{"start":{"line":320,"column":16},"end":{"line":324,"column":20}},"117":{"start":{"line":328,"column":16},"end":{"line":328,"column":40}},"118":{"start":{"line":335,"column":8},"end":{"line":335,"column":61}},"119":{"start":{"line":338,"column":6},"end":{"line":338,"column":35}},"120":{"start":{"line":343,"column":25},"end":{"line":369,"column":9}},"121":{"start":{"line":347,"column":8},"end":{"line":368,"column":21}},"122":{"start":{"line":348,"column":10},"end":{"line":367,"column":11}},"123":{"start":{"line":349,"column":12},"end":{"line":366,"column":13}},"124":{"start":{"line":351,"column":16},"end":{"line":351,"column":35}},"125":{"start":{"line":352,"column":16},"end":{"line":352,"column":35}},"126":{"start":{"line":353,"column":16},"end":{"line":353,"column":61}},"127":{"start":{"line":356,"column":16},"end":{"line":356,"column":42}},"128":{"start":{"line":357,"column":16},"end":{"line":361,"column":20}},"129":{"start":{"line":365,"column":16},"end":{"line":365,"column":40}},"130":{"start":{"line":372,"column":8},"end":{"line":372,"column":51}},"131":{"start":{"line":375,"column":6},"end":{"line":375,"column":25}},"132":{"start":{"line":378,"column":2},"end":{"line":378,"column":28}},"133":{"start":{"line":381,"column":15},"end":{"line":381,"column":33}},"134":{"start":{"line":382,"column":0},"end":{"line":382,"column":30}}},"fnMap":{"0":{"name":"(anonymous_0)","decl":{"start":{"line":26,"column":0},"end":{"line":26,"column":1}},"loc":{"start":{"line":26,"column":12},"end":{"line":379,"column":1}},"line":26},"1":{"name":"PropertyController","decl":{"start":{"line":27,"column":11},"end":{"line":27,"column":29}},"loc":{"start":{"line":27,"column":32},"end":{"line":29,"column":3}},"line":27},"2":{"name":"(anonymous_2)","decl":{"start":{"line":33,"column":11},"end":{"line":33,"column":12}},"loc":{"start":{"line":33,"column":23},"end":{"line":85,"column":5}},"line":33},"3":{"name":"_callee","decl":{"start":{"line":36,"column":44},"end":{"line":36,"column":51}},"loc":{"start":{"line":36,"column":62},"end":{"line":78,"column":7}},"line":36},"4":{"name":"_callee$","decl":{"start":{"line":39,"column":53},"end":{"line":39,"column":61}},"loc":{"start":{"line":39,"column":72},"end":{"line":77,"column":9}},"line":39},"5":{"name":"create","decl":{"start":{"line":80,"column":15},"end":{"line":80,"column":21}},"loc":{"start":{"line":80,"column":31},"end":{"line":82,"column":7}},"line":80},"6":{"name":"(anonymous_6)","decl":{"start":{"line":88,"column":11},"end":{"line":88,"column":12}},"loc":{"start":{"line":88,"column":23},"end":{"line":148,"column":5}},"line":88},"7":{"name":"_callee2","decl":{"start":{"line":91,"column":44},"end":{"line":91,"column":52}},"loc":{"start":{"line":91,"column":63},"end":{"line":141,"column":7}},"line":91},"8":{"name":"_callee2$","decl":{"start":{"line":93,"column":53},"end":{"line":93,"column":62}},"loc":{"start":{"line":93,"column":74},"end":{"line":140,"column":9}},"line":93},"9":{"name":"(anonymous_9)","decl":{"start":{"line":100,"column":39},"end":{"line":100,"column":40}},"loc":{"start":{"line":100,"column":56},"end":{"line":104,"column":17}},"line":100},"10":{"name":"edit","decl":{"start":{"line":143,"column":15},"end":{"line":143,"column":19}},"loc":{"start":{"line":143,"column":30},"end":{"line":145,"column":7}},"line":143},"11":{"name":"(anonymous_11)","decl":{"start":{"line":151,"column":11},"end":{"line":151,"column":12}},"loc":{"start":{"line":151,"column":23},"end":{"line":206,"column":5}},"line":151},"12":{"name":"_callee3","decl":{"start":{"line":154,"column":44},"end":{"line":154,"column":52}},"loc":{"start":{"line":154,"column":63},"end":{"line":199,"column":7}},"line":154},"13":{"name":"_callee3$","decl":{"start":{"line":157,"column":53},"end":{"line":157,"column":62}},"loc":{"start":{"line":157,"column":74},"end":{"line":198,"column":9}},"line":157},"14":{"name":"sold","decl":{"start":{"line":201,"column":15},"end":{"line":201,"column":19}},"loc":{"start":{"line":201,"column":30},"end":{"line":203,"column":7}},"line":201},"15":{"name":"(anonymous_15)","decl":{"start":{"line":209,"column":11},"end":{"line":209,"column":12}},"loc":{"start":{"line":209,"column":23},"end":{"line":264,"column":5}},"line":209},"16":{"name":"_callee4","decl":{"start":{"line":212,"column":44},"end":{"line":212,"column":52}},"loc":{"start":{"line":212,"column":63},"end":{"line":257,"column":7}},"line":212},"17":{"name":"_callee4$","decl":{"start":{"line":215,"column":53},"end":{"line":215,"column":62}},"loc":{"start":{"line":215,"column":74},"end":{"line":256,"column":9}},"line":215},"18":{"name":"_delete","decl":{"start":{"line":259,"column":15},"end":{"line":259,"column":22}},"loc":{"start":{"line":259,"column":33},"end":{"line":261,"column":7}},"line":259},"19":{"name":"(anonymous_19)","decl":{"start":{"line":267,"column":11},"end":{"line":267,"column":12}},"loc":{"start":{"line":267,"column":23},"end":{"line":300,"column":5}},"line":267},"20":{"name":"_callee5","decl":{"start":{"line":270,"column":44},"end":{"line":270,"column":52}},"loc":{"start":{"line":270,"column":63},"end":{"line":293,"column":7}},"line":270},"21":{"name":"_callee5$","decl":{"start":{"line":272,"column":53},"end":{"line":272,"column":62}},"loc":{"start":{"line":272,"column":74},"end":{"line":292,"column":9}},"line":272},"22":{"name":"getAllProperties","decl":{"start":{"line":295,"column":15},"end":{"line":295,"column":31}},"loc":{"start":{"line":295,"column":43},"end":{"line":297,"column":7}},"line":295},"23":{"name":"(anonymous_23)","decl":{"start":{"line":303,"column":11},"end":{"line":303,"column":12}},"loc":{"start":{"line":303,"column":23},"end":{"line":339,"column":5}},"line":303},"24":{"name":"_callee6","decl":{"start":{"line":306,"column":44},"end":{"line":306,"column":52}},"loc":{"start":{"line":306,"column":63},"end":{"line":332,"column":7}},"line":306},"25":{"name":"_callee6$","decl":{"start":{"line":309,"column":53},"end":{"line":309,"column":62}},"loc":{"start":{"line":309,"column":74},"end":{"line":331,"column":9}},"line":309},"26":{"name":"getAllOwnerProperties","decl":{"start":{"line":334,"column":15},"end":{"line":334,"column":36}},"loc":{"start":{"line":334,"column":49},"end":{"line":336,"column":7}},"line":334},"27":{"name":"(anonymous_27)","decl":{"start":{"line":342,"column":11},"end":{"line":342,"column":12}},"loc":{"start":{"line":342,"column":23},"end":{"line":376,"column":5}},"line":342},"28":{"name":"_callee7","decl":{"start":{"line":345,"column":44},"end":{"line":345,"column":52}},"loc":{"start":{"line":345,"column":63},"end":{"line":369,"column":7}},"line":345},"29":{"name":"_callee7$","decl":{"start":{"line":347,"column":53},"end":{"line":347,"column":62}},"loc":{"start":{"line":347,"column":74},"end":{"line":368,"column":9}},"line":347},"30":{"name":"getProperty","decl":{"start":{"line":371,"column":15},"end":{"line":371,"column":26}},"loc":{"start":{"line":371,"column":39},"end":{"line":373,"column":7}},"line":371}},"branchMap":{"0":{"loc":{"start":{"line":41,"column":12},"end":{"line":75,"column":13}},"type":"switch","locations":[{"start":{"line":42,"column":14},"end":{"line":63,"column":58}},{"start":{"line":65,"column":14},"end":{"line":70,"column":20}},{"start":{"line":72,"column":14},"end":{"line":72,"column":21}},{"start":{"line":73,"column":14},"end":{"line":74,"column":39}}],"line":41},"1":{"loc":{"start":{"line":95,"column":12},"end":{"line":138,"column":13}},"type":"switch","locations":[{"start":{"line":96,"column":14},"end":{"line":106,"column":61}},{"start":{"line":108,"column":14},"end":{"line":119,"column":20}},{"start":{"line":121,"column":14},"end":{"line":124,"column":61}},{"start":{"line":126,"column":14},"end":{"line":133,"column":20}},{"start":{"line":135,"column":14},"end":{"line":135,"column":22}},{"start":{"line":136,"column":14},"end":{"line":137,"column":40}}],"line":95},"2":{"loc":{"start":{"line":101,"column":18},"end":{"line":103,"column":19}},"type":"if","locations":[{"start":{"line":101,"column":18},"end":{"line":103,"column":19}},{"start":{"line":101,"column":18},"end":{"line":103,"column":19}}],"line":101},"3":{"loc":{"start":{"line":111,"column":16},"end":{"line":114,"column":17}},"type":"if","locations":[{"start":{"line":111,"column":16},"end":{"line":114,"column":17}},{"start":{"line":111,"column":16},"end":{"line":114,"column":17}}],"line":111},"4":{"loc":{"start":{"line":159,"column":12},"end":{"line":196,"column":13}},"type":"switch","locations":[{"start":{"line":160,"column":14},"end":{"line":165,"column":75}},{"start":{"line":167,"column":14},"end":{"line":178,"column":20}},{"start":{"line":180,"column":14},"end":{"line":182,"column":53}},{"start":{"line":184,"column":14},"end":{"line":191,"column":20}},{"start":{"line":193,"column":14},"end":{"line":193,"column":22}},{"start":{"line":194,"column":14},"end":{"line":195,"column":40}}],"line":159},"5":{"loc":{"start":{"line":170,"column":16},"end":{"line":173,"column":17}},"type":"if","locations":[{"start":{"line":170,"column":16},"end":{"line":173,"column":17}},{"start":{"line":170,"column":16},"end":{"line":173,"column":17}}],"line":170},"6":{"loc":{"start":{"line":217,"column":12},"end":{"line":254,"column":13}},"type":"switch","locations":[{"start":{"line":218,"column":14},"end":{"line":223,"column":75}},{"start":{"line":225,"column":14},"end":{"line":236,"column":20}},{"start":{"line":238,"column":14},"end":{"line":240,"column":58}},{"start":{"line":242,"column":14},"en
[...]
ame":"_delete","decl":{"start":{"line":204,"column":15},"end":{"line":204,"column":22}},"loc":{"start":{"line":204,"column":28},"end":{"line":206,"column":7}},"line":204},"18":{"name":"(anonymous_18)","decl":{"start":{"line":212,"column":11},"end":{"line":212,"column":12}},"loc":{"start":{"line":212,"column":23},"end":{"line":243,"column":5}},"line":212},"19":{"name":"_callee5","decl":{"start":{"line":215,"column":44},"end":{"line":215,"column":52}},"loc":{"start":{"line":215,"column":57},"end":{"line":236,"column":7}},"line":215},"20":{"name":"_callee5$","decl":{"start":{"line":217,"column":53},"end":{"line":217,"column":62}},"loc":{"start":{"line":217,"column":74},"end":{"line":235,"column":9}},"line":217},"21":{"name":"findProperty","decl":{"start":{"line":238,"column":15},"end":{"line":238,"column":27}},"loc":{"start":{"line":238,"column":33},"end":{"line":240,"column":7}},"line":238},"22":{"name":"(anonymous_22)","decl":{"start":{"line":246,"column":11},"end":{"line":246,"column":12}},"loc":{"start":{"line":246,"column":23},"end":{"line":276,"column":5}},"line":246},"23":{"name":"_callee6","decl":{"start":{"line":249,"column":44},"end":{"line":249,"column":52}},"loc":{"start":{"line":249,"column":55},"end":{"line":269,"column":7}},"line":249},"24":{"name":"_callee6$","decl":{"start":{"line":251,"column":53},"end":{"line":251,"column":62}},"loc":{"start":{"line":251,"column":74},"end":{"line":268,"column":9}},"line":251},"25":{"name":"findAll","decl":{"start":{"line":271,"column":15},"end":{"line":271,"column":22}},"loc":{"start":{"line":271,"column":25},"end":{"line":273,"column":7}},"line":271},"26":{"name":"(anonymous_26)","decl":{"start":{"line":279,"column":11},"end":{"line":279,"column":12}},"loc":{"start":{"line":279,"column":23},"end":{"line":310,"column":5}},"line":279},"27":{"name":"_callee7","decl":{"start":{"line":282,"column":44},"end":{"line":282,"column":52}},"loc":{"start":{"line":282,"column":66},"end":{"line":303,"column":7}},"line":282},"28":{"name":"_callee7$","decl":{"start":{"line":284,"column":53},"end":{"line":284,"column":62}},"loc":{"start":{"line":284,"column":74},"end":{"line":302,"column":9}},"line":284},"29":{"name":"findOwnerProperty","decl":{"start":{"line":305,"column":15},"end":{"line":305,"column":32}},"loc":{"start":{"line":305,"column":43},"end":{"line":307,"column":7}},"line":305},"30":{"name":"(anonymous_30)","decl":{"start":{"line":313,"column":11},"end":{"line":313,"column":12}},"loc":{"start":{"line":313,"column":23},"end":{"line":344,"column":5}},"line":313},"31":{"name":"_callee8","decl":{"start":{"line":316,"column":44},"end":{"line":316,"column":52}},"loc":{"start":{"line":316,"column":62},"end":{"line":337,"column":7}},"line":316},"32":{"name":"_callee8$","decl":{"start":{"line":318,"column":53},"end":{"line":318,"column":62}},"loc":{"start":{"line":318,"column":74},"end":{"line":336,"column":9}},"line":318},"33":{"name":"findOwnerProperties","decl":{"start":{"line":339,"column":15},"end":{"line":339,"column":34}},"loc":{"start":{"line":339,"column":40},"end":{"line":341,"column":7}},"line":339}},"branchMap":{"0":{"loc":{"start":{"line":39,"column":12},"end":{"line":66,"column":13}},"type":"switch","locations":[{"start":{"line":40,"column":14},"end":{"line":48,"column":62}},{"start":{"line":50,"column":14},"end":{"line":52,"column":54}},{"start":{"line":54,"column":14},"end":{"line":56,"column":65}},{"start":{"line":58,"column":14},"end":{"line":61,"column":45}},{"start":{"line":63,"column":14},"end":{"line":63,"column":22}},{"start":{"line":64,"column":14},"end":{"line":65,"column":39}}],"line":39},"1":{"loc":{"start":{"line":86,"column":12},"end":{"line":111,"column":13}},"type":"switch","locations":[{"start":{"line":87,"column":14},"end":{"line":93,"column":62}},{"start":{"line":95,"column":14},"end":{"line":97,"column":54}},{"start":{"line":99,"column":14},"end":{"line":101,"column":66}},{"start":{"line":103,"column":14},"end":{"line":106,"column":46}},{"start":{"line":108,"column":14},"end":{"line":108,"column":22}},{"start":{"line":109,"column":14},"end":{"line":110,"column":40}}],"line":86},"2":{"loc":{"start":{"line":131,"column":12},"end":{"line":155,"column":13}},"type":"switch","locations":[{"start":{"line":132,"column":14},"end":{"line":137,"column":62}},{"start":{"line":139,"column":14},"end":{"line":141,"column":54}},{"start":{"line":143,"column":14},"end":{"line":145,"column":66}},{"start":{"line":147,"column":14},"end":{"line":150,"column":46}},{"start":{"line":152,"column":14},"end":{"line":152,"column":22}},{"start":{"line":153,"column":14},"end":{"line":154,"column":40}}],"line":131},"3":{"loc":{"start":{"line":175,"column":12},"end":{"line":199,"column":13}},"type":"switch","locations":[{"start":{"line":176,"column":14},"end":{"line":181,"column":62}},{"start":{"line":183,"column":14},"end":{"line":185,"column":54}},{"start":{"line":187,"column":14},"end":{"line":189,"column":66}},{"start":{"line":191,"column":14},"end":{"line":194,"column":46}},{"start":{"line":196,"column":14},"end":{"line":196,"column":22}},{"start":{"line":197,"column":14},"end":{"line":198,"column":40}}],"line":175},"4":{"loc":{"start":{"line":219,"column":12},"end":{"line":233,"column":13}},"type":"switch","locations":[{"start":{"line":220,"column":14},"end":{"line":224,"column":62}},{"start":{"line":226,"column":14},"end":{"line":228,"column":103}},{"start":{"line":230,"column":14},"end":{"line":230,"column":21}},{"start":{"line":231,"column":14},"end":{"line":232,"column":40}}],"line":219},"5":{"loc":{"start":{"line":228,"column":50},"end":{"line":228,"column":101}},"type":"cond-expr","locations":[{"start":{"line":228,"column":72},"end":{"line":228,"column":94}},{"start":{"line":228,"column":97},"end":{"line":228,"column":101}}],"line":228},"6":{"loc":{"start":{"line":253,"column":12},"end":{"line":266,"column":13}},"type":"switch","locations":[{"start":{"line":254,"column":14},"end":{"line":257,"column":58}},{"start":{"line":259,"column":14},"end":{"line":261,"column":98}},{"start":{"line":263,"column":14},"end":{"line":263,"column":21}},{"start":{"line":264,"column":14},"end":{"line":265,"column":40}}],"line":253},"7":{"loc":{"start":{"line":261,"column":50},"end":{"line":261,"column":96}},"type":"cond-expr","locations":[{"start":{"line":261,"column":72},"end":{"line":261,"column":91}},{"start":{"line":261,"column":94},"end":{"line":261,"column":96}}],"line":261},"8":{"loc":{"start":{"line":286,"column":12},"end":{"line":300,"column":13}},"type":"switch","locations":[{"start":{"line":287,"column":14},"end":{"line":291,"column":62}},{"start":{"line":293,"column":14},"end":{"line":295,"column":103}},{"start":{"line":297,"column":14},"end":{"line":297,"column":21}},{"start":{"line":298,"column":14},"end":{"line":299,"column":40}}],"line":286},"9":{"loc":{"start":{"line":295,"column":50},"end":{"line":295,"column":101}},"type":"cond-expr","locations":[{"start":{"line":295,"column":72},"end":{"line":295,"column":94}},{"start":{"line":295,"column":97},"end":{"line":295,"column":101}}],"line":295},"10":{"loc":{"start":{"line":320,"column":12},"end":{"line":334,"column":13}},"type":"switch","locations":[{"start":{"line":321,"column":14},"end":{"line":325,"column":62}},{"start":{"line":327,"column":14},"end":{"line":329,"column":98}},{"start":{"line":331,"column":14},"end":{"line":331,"column":21}},{"start":{"line":332,"column":14},"end":{"line":333,"column":40}}],"line":320},"11":{"loc":{"start":{"line":329,"column":50},"end":{"line":329,"column":96}},"type":"cond-expr","locations":[{"start":{"line":329,"column":72},"end":{"line":329,"column":91}},{"start":{"line":329,"column":94},"end":{"line":329,"column":96}}],"line":329}},"s":{"0":1,"1":1,"2":1,"3":1,"4":1,"5":1,"6":1,"7":1,"8":1,"9":1,"10":0,"11":1,"12":1,"13":0,"14":0,"15":0,"16":0,"17":0,"18":0,"19":0,"20":0,"21":0,"22":0,"23":0,"24":0,"25":0,"26":0,"27":0,"28":0,"29":0,"30":0,"31":0,"32":0,"33":1,"34":1,"35":0,"36":0,"37":0,"38":0,"39":0,"40":0,"41":0,"42":0,"43":0,"44":0,"45":0,"46":0,"47":0,"48":0,"49":0,"50":0,"51":0,"52":0,"53":1,"54":1,"55":0,"56":0,"57":0,"58":0,"59":0,"60":0,"61":0,"62":0,"63":0,"64":0,"65":0,"66":0,"67":0,"68":0,"69":0,"70":0,"71":0,"72":1,"73":1,"74":0,"75":0,"76":0,"77":0,"78":0,"79":0,"80":0,"81":0,"82":0,"83":0,"84":0,"85":0,"86":0,"87":0,"88":0,"89":0,"90":0,"91":1,"92":1,"93":0,"94":0,"95":0,"96":0,"97":0,"98":0,"99":0,"100":0,"101":0,"102":0,"103":0,"104":1,"105":1,"106":0,"107":0,"108":0,"109":0,"110":0,"111":0,"112":0,"113":0,"114":0,"115":0,"116":1,"117":1,"118":0,"119":0,"120":0,"121":0,"122":0,"123":0,"124":0,"125":0,"126":0,"127":0,"128":0,"129":1,"130":1,"131":0,"132":0,"133":0,"134":0,"135":0,"136":0,"137":0,"138":0,"139":0,"140":0,"141":0,"142":1,"143":1,"144":1},"f":{"0":1,"1":0,"2":1,"3":0,"4":0,"5":0,"6":1,"7":0,"8":0,"9":0,"10":1,"11":0,"12":0,"13":0,"14":1,"15":0,"16":0,"17":0,"18":1,"19":0,"20":0,"21":0,"22":1,"23":0,"24":0,"25":0,"26":1,"27":0,"28":0,"29":0,"30":1,"31":0,"32":0,"33":0},"b":{"0":[0,0,0,0,0,0],"1":[0,0,0,0,0,0],"2":[0,0,0,0,0,0],"3":[0,0,0,0,0,0],"4":[0,0,0,0],"5":[0,0],"6":[0,0,0,0],"7":[0,0],"8":[0,0,0,0],"9":[0,0],"10":[0,0,0,0],"11":[0,0]},"_coverageSchema":"43e27e138ebf9cfc5966b082cf9a028302ed4184","hash":"cb4cccb9b884f3ece163cdacea5169f0733d7475","contentHash":"1715f2977dcdd191560a6839738c69298cd994b1b1e5a85e26e380d26caa6881"},"C:\\Users\\hp\\Desktop\\property-pro\\src\\v2\\middlewares\\validatePropertyFields.js":{"path":"C:\\Users\\hp\\Desktop\\property-pro\\src\\v2\\middlewares\\validatePropertyFields.js","statementMap":{"0":{"start":{"line":3,"column":29},"end":{"line":3,"column":84}},"1":{"start":{"line":5,"column":0},"end":{"line":7,"column":3}},"2":{"start":{"line":8,"column":0},"end":{"line":8,"column":28}},"3":{"start":{"line":10,"column":16},"end":{"line":10,"column":62}},"4":{"start":{"line":12,"column":18},"end":{"line":59,"column":1}},"5":{"start":{"line":61,"column":15},"end":{"line":72,"column":1}},"6":{"start":{"line":62,"column":25},"end":{"line":62,"column":73}},"7":{"start":{"line":64,"column":2},"end":{"line":69,"column":3}},"8":{"start":{"line":65,"column":4},"end":{"line":68,"column":7}},"9":{"start":{"line":71,"column":2},"end":{"line":71,"column":16}},"10":{"start":{"line":74,"column":0},"end":{"line":74,"column":30}}},"fnMap":{"0":{"name":"_default","decl":{"start":{"line":61,"column":24},"end":{"line":61,"column":32}},"loc":{"start":{"line":61,"column":49},"end":{"line":72,"column":1}},"line":61}},"branchMap":{"0":{"loc":{"start":{"line":64,"column":2},"end":{"line":69,"column":3}},"type":"if","locations":[{"start":{"line":64,"column":2},"end":{"line":69,"column":3}},{"start":{"line":64,"column":2},"end":{"line":69,"column":3}}],"line":64}},"s":{"0":1,"1":1,"2":1,"3":1,"4":1,"5":1,"6":0,"7":0,"8":0,"9":0,"10":1},"f":{"0":0},"b":{"0":[0,0]},"_coverageSchema":"43e27e138ebf9cfc5966b082cf9a028302ed4184","hash":"7ce3b22d84d5d8335fd57decacb9b9fdbb7faa12","contentHash":"532dd7769c20a57b6b710e46ec7e6ad136e295f212aa4c82d7e5448947de325a"},"C:\\Users\\hp\\Desktop\\property-pro\\__test__\\server\\property.spec.js":{"path":"C:\\Users\\hp\\Desktop\\property-pro\\__test__\\server\\property.spec.js","statementMap":{"0":{"start":{"line":3,"column":29},"end":{"line":3,"column":84}},"1":{"start":{"line":5,"column":21},"end":{"line":5,"column":91}},"2":{"start":{"line":7,"column":12},"end":{"line":7,"column":27}},"3":{"start":{"line":9,"column":17},"end":{"line":9,"column":61}},"4":{"start":{"line":11,"column":13},"end":{"line":11,"column":63}},"5":{"start":{"line":14,"column":14},"end":{"line":14,"column":59}},"6":{"start":{"line":15,"column":10},"end":{"line":15,"column":19}},"7":{"start":{"line":16,"column":11},"end":{"line":19,"column":1}},"8":{"start":{"line":20,"column":15},"end":{"line":31,"column":1}},"9":{"start":{"line":32,"column":12},"end":{"line":32,"column":14}},"10":{"start":{"line":33,"column":0},"end":{"line":115,"column":3}},"11":{"start":{"line":34,"column":2},"end":{"line":42,"column":5}},"12":{"start":{"line":35,"column":4},"end":{"line":41,"column":7}},"13":{"start":{"line":36,"column":22},"end":{"line":36,"column":30}},"14":{"start":{"line":37,"column":19},"end":{"line":37,"column":35}},"15":{"start":{"line":38,"column":17},"end":{"line":38,"column":31}},"16":{"start":{"line":39,"column":6},"end":{"line":39,"column":25}},"17":{"start":{"line":40,"column":6},"end":{"line":40,"column":13}},"18":{"start":{"line":43,"column":2},"end":{"line":64,"column":5}},"19":{"start":{"line":44,"column":4},"end":{"line":53,"column":7}},"20":{"start":{"line":45,"column":6},"end":{"line":52,"column":9}},"21":{"start":{"line":46,"column":25},"end":{"line":46,"column":33}},"22":{"start":{"line":47,"column":21},"end":{"line":47,"column":38}},"23":{"start":{"line":48,"column":22},"end":{"line":48,"column":40}},"24":{"start":{"line":49,"column":8},"end":{"line":49,"column":52}},"25":{"start":{"line":50,"column":8},"end":{"line":50,"column":68}},"26":{"start":{"line":51,"column":8},"end":{"line":51,"column":15}},"27":{"start":{"line":54,"column":4},"end":{"line":63,"column":7}},"28":{"start":{"line":55,"column":6},"end":{"line":62,"column":9}},"29":{"start":{"line":56,"column":25},"end":{"line":56,"column":33}},"30":{"start":{"line":57,"column":21},"end":{"line":57,"column":38}},"31":{"start":{"line":58,"column":19},"end":{"line":58,"column":34}},"32":{"start":{"line":59,"column":8},"end":{"line":59,"column":54}},"33":{"start":{"line":60,"column":8},"end":{"line":60,"column":47}},"34":{"start":{"line":61,"column":8},"end":{"line":61,"column":15}},"35":{"start":{"line":65,"column":2},"end":{"line":90,"column":5}},"36":{"start":{"line":66,"column":4},"end":{"line":77,"column":7}},"37":{"start":{"line":67,"column":6},"end":{"line":76,"column":9}},"38":{"start":{"line":70,"column":25},"end":{"line":70,"column":33}},"39":{"start":{"line":71,"column":21},"end":{"line":71,"column":38}},"40":{"start":{"line":72,"column":22},"end":{"line":72,"column":40}},"41":{"start":{"line":73,"column":8},"end":{"line":73,"column":52}},"42":{"start":{"line":74,"column":8},"end":{"line":74,"column":68}},"43":{"start":{"line":75,"column":8},"end":{"line":75,"column":15}},"44":{"start":{"line":78,"column":4},"end":{"line":89,"column":7}},"45":{"start":{"line":79,"column":6},"end":{"line":88,"column":9}},"46":{"start":{"line":82,"column":25},"end":{"line":82,"column":33}},"47":{"start":{"line":83,"column":21},"end":{"line":83,"column":38}},"48":{"start":{"line":84,"column":19},"end":{"line":84,"column":34}},"49":{"start":{"line":85,"column":8},"end":{"line":85,"column":54}},"50":{"start":{"line":86,"column":8},"end":{"line":86,"column":74}},"51":{"start":{"line":87,"column":8},"end":{"line":87,"column":15}},"52":{"start":{"line":91,"column":2},"end":{"line":114,"column":5}},"53":{"start":{"line":92,"column":4},"end":{"line":103,"column":7}},"54":{"start":{"line":93,"column":6},"end":{"line":102,"column":9}},"55":{"start":{"line":96,"column":25},"end":{"line":96,"column":33}},"56":{"start":{"line":97,"column":21},"end":{"line":97,"column":38}},"57":{"start":{"line":98,"column":22},"end":{"line":98,"column":40}},"58":{"start":{"line":99,"column":8},"end":{"line":99,"column":52}},"59":{"start":{"line":100,"column":8},"end":{"line":100,"column":68}},"60":{"start":{"line":101,"column":8},"end":{"line":101,"column":15}},"61":{"start":{"line":104,"column":4},"end":{"line":113,"column":7}},"62":{"start":{"line":105,"column":6},"end":{"line":112,"column":9}},"63":{"start":{"line":106,"column":25},"end":{"line":106,"column":33}},"64":{"start":{"line":107,"column":21},"end":{"line":107,"column":38}},"65":{"start":{"line":108,"column":19},"end":{"line":108,"column":34}},"66":{"start":{"line":109,"column":8},"end":{"line":109,"column":54}},"67":{"start":{"line":110,"column":8},"end":{"line":110,"column":60}},"68":{"start":{"line":111,"column":8},"end":{"line":111,"column":15}}},"fnMap":{"0":{"name":"(anonymous_0)","decl":{"start":{"line":33,"column":31},"end":{"line":33,"column":32}},"loc":{"start":{"line":33,"column":43},"end":{"line":115,"column":1}},"line":33},"1":{"name":"(anonymous_1)","decl":{"start":{"line":34,"column":9},"end":{"line":34,"column":10}},"loc":{"start":{"line":34,"column":25},"end":{"line":42,"column":3}},"line":34},"2":{"name":"(anonymous_2)","decl":{"start":{"line":35,"column":100},"end":{"line":35,"column":101}},"loc":{"start":{"line":35,"column":120},"end":{"line":41,"column":5}},"line":35},"3":{"name":"(anonymous_3)","decl":{"start":{"line":43,"column":21},"end":{"line":43,"column":22}},"loc":{"start":{"line":43,"column":33},"end":{"line":64,"column":3}},"line":43},"4":{"name":"(anonymous_4)","decl":{"start":{"line":44,"column":54},"end":{"line":44,"column":55}},"loc":{"start":{"line":44,"column":70},"end":{"line":53,"column":5}},"line":44},"5":{"name":"(anonymous_5)","decl":{"start":{"line":45,"column":103},"end":{"line":45,"column":104}},"loc":{"start":{"line":45,"column":123},"end":{"line":52,"column":7}},"line":45},"6":{"name":"(anonymous_6)","decl":{"start":{"line":54,"column":33},"end":{"line":54,"column":34}},"loc":{"start":{"line":54,"column":49},"end":{"line":63,"column":5}},"line":54},"7":{"name":"(anonymous_7)","decl":{"start":{"line":55,"column":132},"end":{"line":55,"column":133}},"loc":{"start":{"line":55,"column":152},"end":{"line":62,"column":7}},"line":55},"8":{"name":"(anonymous_8)","decl":{"start":{"line":65,"column":19},"end":{"line":65,"column":20}},"loc":{"start":{"line":65,"column":31},"end":{"line":90,"column":3}},"line":65},"9":{"name":"(anonymous_9)","decl":{"start":{"line":66,"column":52},"end":{"line":66,"column":53}},"loc":{"start":{"line":66,"column":68},"end":{"line":77,"column":5}},"line":66},"10":{"name":"(anonymous_10)","decl":{"start":{"line":69,"column":14},"end":{"line":69,"column":15}},"loc":{"start":{"line":69,"column":34},"end":{"line":76,"column":7}},"line":69},"11":{"name":"(anonymous_11)","decl":{"start":{"line":78,"column":47},"end":{"line":78,"column":48}},"loc":{"start":{"line":78,"column":63},"end":{"line":89,"column":5}},"line":78},"12":{"name":"(anonymous_12)","decl":{"start":{"line":81,"column":14},"end":{"line":81,"column":15}},"loc":{"start":{"line":81,"column":34},"end":{"line":88,"column":7}},"line":81},"13":{"name":"(anonymous_13)","decl":{"start":{"line":91,"column":19},"end":{"line":91,"column":20}},"loc":{"start":{"line":91,"column":31},"end":{"line":114,"column":3}},"line":91},"14":{"name":"(anonymous_14)","decl":{"start":{"line":92,"column":60},"end":{"line":92,"column":61}},"loc":{"start":{"line":92,"column":76},"end":{"line":103,"column":5}},"line":92},"15":{"name":"(anonymous_15)","decl":{"start":{"line":95,"column":14},"end":{"line":95,"column":15}},"loc":{"start":{"line":95,"column":34},"end":{"line":102,"column":7}},"line":95},"16":{"name":"(anonymous_16)","decl":{"start":{"line":104,"column":55},"end":{"line":104,"column":56}},"loc":{"start":{"line":104,"column":71},"end":{"line":113,"column":5}},"line":104},"17":{"name":"(anonymous_17)","decl":{"start":{"line":105,"column":89},"end":{"line":105,"column":90}},"loc":{"start":{"line":105,"column":109},"end":{"line":112,"column":7}},"line":105}},"branchMap":{},"s":{"0":1,"1":1,"2":1,"3":1,"4":1,"5":1,"6":1,"7":1,"8":1,"9":1,"10":1,"11":1,"12":1,"13":1,"14":1,"15":1,"16":1,"17":1,"18":1,"19":1,"20":1,"21":1,"22":1,"23":1,"24":1,"25":1,"26":1,"27":1,"28":1,"29":1,"30":1,"31":1,"32":1,"33":1,"34":1,"35":1,"36":1,"37":1,"38":1,"39":1,"40":1,"41":1,"42":1,"43":1,"44":1,"45":1,"46":1,"47":1,"48":1,"49":1,"50":1,"51":1,"52":1,"53":1,"54":1,"55":1,"56":1,"57":1,"58":1,"59":1,"60":1,"61":1,"62":1,"63":1,"64":1,"65":1,"66":1,"67":1,"68":1},"f":{"0":1,"1":1,"2":1,"3":1,"4":1,"5":1,"6":1,"7":1,"8":1,"9":1,"10":1,"11":1,"12":1,"13":1,"14":1,"15":1,"16":1,"17":1},"b":{},"_coverageSchema":"43e27e138ebf9cfc5966b082cf9a028302ed4184","hash":"4d7e7540acd6215241baeec25d15102bb68b3c6c","contentHash":"1d99b4927d5c93e8b8ca0828face475099368cc87f1dda306affd4254adc20e9"}}